Connecting to database specified by database.yml
OpenIdAuthentication.store is nil. Using in-memory store.
Creating scope :system. Overwriting existing method Enumeration.system.
Migrating to Setup (1)
Migrating to IssueMove (2)
Migrating to IssueAddNote (3)
Migrating to ExportPdf (4)
Migrating to IssueStartDate (5)
Migrating to CalendarAndActivity (6)
Migrating to CreateJournals (7)
Migrating to CreateUserPreferences (8)
Migrating to AddHideMailPref (9)
Migrating to CreateComments (10)
Migrating to AddNewsCommentsCount (11)
Migrating to AddCommentsPermissions (12)
Migrating to CreateQueries (13)
Migrating to AddQueriesPermissions (14)
Migrating to CreateRepositories (15)
Migrating to AddRepositoriesPermissions (16)
Migrating to CreateSettings (17)
Migrating to SetDocAndFilesNotifications (18)
Migrating to AddIssueStatusPosition (19)
Migrating to AddRolePosition (20)
Migrating to AddTrackerPosition (21)
Migrating to SerializePossiblesValues (22)
Migrating to AddTrackerIsInRoadmap (23)
Migrating to AddRoadmapPermission (24)
Migrating to AddSearchPermission (25)
Migrating to AddRepositoryLoginAndPassword (26)
Migrating to CreateWikis (27)
Migrating to CreateWikiPages (28)
Migrating to CreateWikiContents (29)
Migrating to AddProjectsFeedsPermissions (30)
Migrating to AddRepositoryRootUrl (31)
Migrating to CreateTimeEntries (32)
Migrating to AddTimelogPermissions (33)
Migrating to CreateChangesets (34)
Migrating to CreateChanges (35)
Migrating to AddChangesetCommitDate (36)
Migrating to AddProjectIdentifier (37)
Migrating to AddCustomFieldIsFilter (38)
Migrating to CreateWatchers (39)
Migrating to CreateChangesetsIssues (40)
Migrating to RenameCommentToComments (41)
Migrating to CreateIssueRelations (42)
Migrating to AddRelationsPermissions (43)
Migrating to SetLanguageLengthToFive (44)
Migrating to CreateBoards (45)
Migrating to CreateMessages (46)
Migrating to AddBoardsPermissions (47)
Migrating to AllowNullVersionEffectiveDate (48)
Migrating to AddWikiDestroyPagePermission (49)
Migrating to AddWikiAttachmentsPermissions (50)
Migrating to AddProjectStatus (51)
Migrating to AddChangesRevision (52)
Migrating to AddChangesBranch (53)
Migrating to AddChangesetsScmid (54)
Migrating to AddRepositoriesType (55)
Migrating to AddRepositoriesChangesPermission (56)
Migrating to AddVersionsWikiPageTitle (57)
Migrating to AddIssueCategoriesAssignedToId (58)
Migrating to AddRolesAssignable (59)
Migrating to ChangeChangesetsCommitterLimit (60)
Migrating to AddRolesBuiltin (61)
Migrating to InsertBuiltinRoles (62)
Migrating to AddRolesPermissions (63)
Migrating to DropPermissions (64)
Migrating to AddSettingsUpdatedOn (65)
Migrating to AddCustomValueCustomizedIndex (66)
Migrating to CreateWikiRedirects (67)
Migrating to CreateEnabledModules (68)
Migrating to AddIssuesEstimatedHours (69)
Migrating to ChangeAttachmentsContentTypeLimit (70)
Migrating to AddQueriesColumnNames (71)
Migrating to AddEnumerationsPosition (72)
Migrating to AddEnumerationsIsDefault (73)
Migrating to AddAuthSourcesTls (74)
Migrating to AddMembersMailNotification (75)
Migrating to AllowNullPosition (76)
Migrating to RemoveIssueStatusesHtmlColor (77)
Migrating to AddCustomFieldsPosition (78)
Migrating to AddUserPreferencesTimeZone (79)
Migrating to AddUsersType (80)
Creating scope :sorted. Overwriting existing method User.sorted.
Migrating to CreateProjectsTrackers (81)
Migrating to AddMessagesLocked (82)
Migrating to AddMessagesSticky (83)
Migrating to ChangeAuthSourcesAccountLimit (84)
Migrating to AddRoleTrackerOldStatusIndexToWorkflows (85)
Migrating to AddCustomFieldsSearchable (86)
Migrating to ChangeProjectsDescriptionToText (87)
Migrating to AddCustomFieldsDefaultValue (88)
Migrating to AddAttachmentsDescription (89)
Migrating to ChangeVersionsNameLimit (90)
Migrating to ChangeChangesetsRevisionToString (91)
Migrating to ChangeChangesFromRevisionToString (92)
Migrating to AddWikiPagesProtected (93)
Migrating to ChangeProjectsHomepageLimit (94)
Migrating to AddWikiPagesParentId (95)
Migrating to AddCommitAccessPermission (96)
Migrating to AddViewWikiEditsPermission (97)
Migrating to SetTopicAuthorsAsWatchers (98)
Migrating to AddDeleteWikiPagesAttachmentsPermission (99)
Migrating to AddChangesetsUserId (100)
Migrating to PopulateChangesetsUserId (101)
Migrating to AddCustomFieldsEditable (102)
Migrating to SetCustomFieldsEditable (103)
Migrating to AddProjectsLftAndRgt (104)
Migrating to BuildProjectsTree (105)
Migrating to RemoveProjectsProjectsCount (106)
Migrating to AddOpenIdAuthenticationTables (107)
Migrating to AddIdentityUrlToUsers (108)
Migrating to AddWatchersUserIdTypeIndex (20090214190337)
Migrating to AddQueriesSortCriteria (20090312172426)
Migrating to AddProjectsTrackersUniqueIndex (20090312194159)
Migrating to ExtendSettingsName (20090318181151)
Migrating to AddTypeToEnumerations (20090323224724)
Migrating to UpdateEnumerationsToSti (20090401221305)
Migrating to AddActiveFieldToEnumerations (20090401231134)
Migrating to AddProjectToEnumerations (20090403001910)
Migrating to AddParentIdToEnumerations (20090406161854)
Migrating to AddQueriesGroupBy (20090425161243)
Migrating to CreateMemberRoles (20090503121501)
Migrating to PopulateMemberRoles (20090503121505)
Migrating to DropMembersRoleId (20090503121510)
Migrating to FixMessagesStickyNull (20090614091200)
Migrating to PopulateUsersType (20090704172350)
Migrating to CreateGroupsUsers (20090704172355)
Migrating to AddMemberRolesInheritedFrom (20090704172358)
Migrating to FixUsersCustomValues (20091010093521)
Migrating to AddMissingIndexesToWorkflows (20091017212227)
Migrating to AddMissingIndexesToCustomFieldsProjects (20091017212457)
Migrating to AddMissingIndexesToMessages (20091017212644)
Migrating to AddMissingIndexesToRepositories (20091017212938)
Migrating to AddMissingIndexesToComments (20091017213027)
Migrating to AddMissingIndexesToEnumerations (20091017213113)
Migrating to AddMissingIndexesToWikiPages (20091017213151)
Migrating to AddMissingIndexesToWatchers (20091017213228)
Migrating to AddMissingIndexesToAuthSources (20091017213257)
Migrating to AddMissingIndexesToDocuments (20091017213332)
Migrating to AddMissingIndexesToTokens (20091017213444)
Migrating to AddMissingIndexesToChangesets (20091017213536)
Migrating to AddMissingIndexesToIssueCategories (20091017213642)
Migrating to AddMissingIndexesToMemberRoles (20091017213716)
Migrating to AddMissingIndexesToBoards (20091017213757)
Migrating to AddMissingIndexesToUserPreferences (20091017213835)
Migrating to AddMissingIndexesToIssues (20091017213910)
Migrating to AddMissingIndexesToMembers (20091017214015)
Migrating to AddMissingIndexesToCustomFields (20091017214107)
Migrating to AddMissingIndexesToQueries (20091017214136)
Migrating to AddMissingIndexesToTimeEntries (20091017214236)
Migrating to AddMissingIndexesToNews (20091017214308)
Migrating to AddMissingIndexesToUsers (20091017214336)
Migrating to AddMissingIndexesToAttachments (20091017214406)
Migrating to AddMissingIndexesToWikiContents (20091017214440)
Migrating to AddMissingIndexesToCustomValues (20091017214519)
Migrating to AddMissingIndexesToJournals (20091017214611)
Migrating to AddMissingIndexesToIssueRelations (20091017214644)
Migrating to AddMissingIndexesToWikiRedirects (20091017214720)
Migrating to AddMissingIndexesToCustomFieldsTrackers (20091017214750)
Migrating to AddActivityIndexes (20091025163651)
Migrating to AddVersionsStatus (20091108092559)
Migrating to AddViewIssuesPermission (20091114105931)
Migrating to AddDefaultDoneRatioToIssueStatus (20091123212029)
Migrating to AddVersionsSharing (20091205124427)
Migrating to AddLftAndRgtIndexesToProjects (20091220183509)
Migrating to AddIndexToSettingsName (20091220183727)
Migrating to AddIndexesToIssueStatus (20091220184736)
Migrating to RemoveEnumerationsOpt (20091225164732)
Migrating to ChangeWikiContentsTextLimit (20091227112908)
Migrating to ChangeUsersMailNotificationToString (20100129193402)
Migrating to UpdateMailNotificationValues (20100129193813)
Migrating to AddIndexOnChangesetsScmid (20100221100219)
Migrating to AddIssuesNestedSetsColumns (20100313132032)
Migrating to AddIndexOnIssuesNestedSet (20100313171051)
Migrating to ChangeChangesPathLengthLimit (20100705164950)
Migrating to EnableCalendarAndGanttModulesWhereAppropriate (20100819172912)
Migrating to AddUniqueIndexOnMembers (20101104182107)
Migrating to AddCustomFieldsVisible (20101107130441)
Migrating to ChangeProjectsNameLimit (20101114115114)
Migrating to ChangeProjectsIdentifierLimit (20101114115359)
Migrating to AddWorkflowsAssigneeAndAuthor (20110220160626)
Migrating to AddUsersSalt (20110223180944)
Migrating to SaltUserPasswords (20110223180953)
Migrating to AddRepositoriesPathEncoding (20110224000000)
Migrating to ChangeRepositoriesPasswordLimit (20110226120112)
Migrating to ChangeAuthSourcesAccountPasswordLimit (20110226120132)
Migrating to ChangeJournalDetailsValuesToText (20110227125750)
Migrating to AddRepositoriesLogEncoding (20110228000000)
Migrating to CopyRepositoriesLogEncoding (20110228000100)
Migrating to AddIndexToUsersType (20110401192910)
Migrating to AddRolesIssuesVisibility (20110408103312)
Migrating to AddIssuesIsPrivate (20110412065600)
Migrating to AddRepositoriesExtraInfo (20110511000000)
Migrating to CreateChangesetParents (20110902000000)
Migrating to AddUniqueIndexToIssueRelations (20111201201315)
Migrating to AddRepositoriesIdentifier (20120115143024)
Migrating to AddRepositoriesIsDefault (20120115143100)
Migrating to SetDefaultRepositories (20120115143126)
Migrating to AddCustomFieldsMultiple (20120127174243)
Migrating to ChangeUsersLoginLimit (20120205111326)
Migrating to ChangeAttachmentsContainerDefaults (20120223110929)
Migrating to AddAuthSourcesFilter (20120301153455)
Migrating to ChangeRepositoriesToFullSti (20120422150750)
Migrating to AddTrackersFieldsBits (20120705074331)
Migrating to AddAuthSourcesTimeout (20120707064544)
Migrating to AddWorkflowsType (20120714122000)
Migrating to UpdateWorkflowsToSti (20120714122100)
Migrating to AddWorkflowsRuleFields (20120714122200)
Migrating to AddBoardsParentId (20120731164049)
Migrating to AddJournalsPrivateNotes (20120930112914)
Migrating to AddEnumerationsPositionName (20121026002032)
Migrating to PopulateEnumerationsPositionName (20121026003537)
Migrating to AddQueriesType (20121209123234)
Migrating to UpdateQueriesToSti (20121209123358)
Migrating to AddAttachmentsDiskDirectory (20121213084931)
Migrating to SplitDocumentsPermissions (20130110122628)
Migrating to AddUniqueIndexOnTokensValue (20130201184705)
Migrating to AddProjectsInheritMembers (20130202090625)
Migrating to AddUniqueIndexOnCustomFieldsTrackers (20130207175206)
Migrating to AddUniqueIndexOnCustomFieldsProjects (20130207181455)
Migrating to ChangeUsersLastnameLengthTo255 (20130215073721)
Migrating to AddIssuesClosedOn (20130215111127)
Migrating to PopulateIssuesClosedOn (20130215111141)
Migrating to RemoveIssuesDefaultFkValues (20130217094251)
Connecting to database specified by database.yml
OpenIdAuthentication.store is nil. Using in-memory store.
Creating scope :system. Overwriting existing method Enumeration.system.
Creating scope :sorted. Overwriting existing method Group.sorted.
Creating scope :sorted. Overwriting existing method User.sorted.
Started GET "/" for 192.168.33.1 at 2014-11-27 15:16:18 +0000

ArgumentError (A secret is required to generate an integrity hash for cookie session data. Use config.secret_token = "some secret phrase of at least 30 characters"in config/initializers/secret_token.rb):
  actionpack (3.2.13) lib/action_dispatch/middleware/cookies.rb:319:in `ensure_secret_secure'
  actionpack (3.2.13) lib/action_dispatch/middleware/cookies.rb:284:in `initialize'
  actionpack (3.2.13) lib/action_dispatch/middleware/cookies.rb:231:in `new'
  actionpack (3.2.13) lib/action_dispatch/middleware/cookies.rb:231:in `signed'
  actionpack (3.2.13) lib/action_dispatch/middleware/session/cookie_store.rb:50:in `block in unpacked_cookie_data'
  actionpack (3.2.13) lib/action_dispatch/middleware/session/abstract_store.rb:57:in `stale_session_check!'
  actionpack (3.2.13) lib/action_dispatch/middleware/session/cookie_store.rb:48:in `unpacked_cookie_data'
  rack (1.4.5) lib/rack/session/cookie.rb:107:in `extract_session_id'
  actionpack (3.2.13) lib/action_dispatch/middleware/session/abstract_store.rb:53:in `block in extract_session_id'
  actionpack (3.2.13) lib/action_dispatch/middleware/session/abstract_store.rb:57:in `stale_session_check!'
  actionpack (3.2.13) lib/action_dispatch/middleware/session/abstract_store.rb:53:in `extract_session_id'
  rack (1.4.5) lib/rack/session/abstract/id.rb:43:in `load_session_id!'
  rack (1.4.5) lib/rack/session/abstract/id.rb:32:in `[]'
  rack (1.4.5) lib/rack/session/abstract/id.rb:267:in `current_session_id'
  rack (1.4.5) lib/rack/session/abstract/id.rb:273:in `session_exists?'
  rack (1.4.5) lib/rack/session/abstract/id.rb:107:in `exists?'
  rack (1.4.5) lib/rack/session/abstract/id.rb:127:in `load_for_read!'
  rack (1.4.5) lib/rack/session/abstract/id.rb:64:in `has_key?'
  actionpack (3.2.13) lib/action_dispatch/middleware/flash.rb:258:in `ensure in call'
  actionpack (3.2.13) lib/action_dispatch/middleware/flash.rb:259:in `call'
  rack (1.4.5) lib/rack/session/abstract/id.rb:210:in `context'
  rack (1.4.5) lib/rack/session/abstract/id.rb:205:in `call'
  actionpack (3.2.13) lib/action_dispatch/middleware/cookies.rb:341:in `call'
  activerecord (3.2.13) lib/active_record/query_cache.rb:64:in `call'
  activerecord (3.2.13) lib/active_record/connection_adapters/abstract/connection_pool.rb:479:in `call'
  actionpack (3.2.13) lib/action_dispatch/middleware/callbacks.rb:28:in `block in call'
  activesupport (3.2.13) lib/active_support/callbacks.rb:405:in `_run__3489739285723552841__call__817136072868774013__callbacks'
  activesupport (3.2.13) lib/active_support/callbacks.rb:405:in `__run_callback'
  activesupport (3.2.13) lib/active_support/callbacks.rb:385:in `_run_call_callbacks'
  activesupport (3.2.13) lib/active_support/callbacks.rb:81:in `run_callbacks'
  actionpack (3.2.13) lib/action_dispatch/middleware/callbacks.rb:27:in `call'
  actionpack (3.2.13) lib/action_dispatch/middleware/remote_ip.rb:31:in `call'
  actionpack (3.2.13) lib/action_dispatch/middleware/debug_exceptions.rb:16:in `call'
  actionpack (3.2.13) lib/action_dispatch/middleware/show_exceptions.rb:56:in `call'
  railties (3.2.13) lib/rails/rack/logger.rb:32:in `call_app'
  railties (3.2.13) lib/rails/rack/logger.rb:16:in `block in call'
  activesupport (3.2.13) lib/active_support/tagged_logging.rb:22:in `tagged'
  railties (3.2.13) lib/rails/rack/logger.rb:16:in `call'
  actionpack (3.2.13) lib/action_dispatch/middleware/request_id.rb:22:in `call'
  rack (1.4.5) lib/rack/methodoverride.rb:21:in `call'
  rack (1.4.5) lib/rack/runtime.rb:17:in `call'
  activesupport (3.2.13) lib/active_support/cache/strategy/local_cache.rb:72:in `call'
  rack (1.4.5) lib/rack/lock.rb:15:in `call'
  actionpack (3.2.13) lib/action_dispatch/middleware/static.rb:63:in `call'
  rack-cache (1.2) lib/rack/cache/context.rb:136:in `forward'
  rack-cache (1.2) lib/rack/cache/context.rb:245:in `fetch'
  rack-cache (1.2) lib/rack/cache/context.rb:185:in `lookup'
  rack-cache (1.2) lib/rack/cache/context.rb:66:in `call!'
  rack-cache (1.2) lib/rack/cache/context.rb:51:in `call'
  railties (3.2.13) lib/rails/engine.rb:479:in `call'
  railties (3.2.13) lib/rails/application.rb:223:in `call'
  railties (3.2.13) lib/rails/railtie/configurable.rb:30:in `method_missing'
  passenger (4.0.53) lib/phusion_passenger/rack/thread_handler_extension.rb:74:in `process_request'
  passenger (4.0.53) lib/phusion_passenger/request_handler/thread_handler.rb:141:in `accept_and_process_next_request'
  passenger (4.0.53) lib/phusion_passenger/request_handler/thread_handler.rb:109:in `main_loop'
  passenger (4.0.53) lib/phusion_passenger/request_handler.rb:455:in `block (3 levels) in start_threads'


Connecting to database specified by database.yml
OpenIdAuthentication.store is nil. Using in-memory store.
Creating scope :system. Overwriting existing method Enumeration.system.
Creating scope :sorted. Overwriting existing method Group.sorted.
Creating scope :sorted. Overwriting existing method User.sorted.
Started GET "/" for 192.168.33.1 at 2014-11-27 15:16:59 +0000

ArgumentError (A secret is required to generate an integrity hash for cookie session data. Use config.secret_token = "some secret phrase of at least 30 characters"in config/initializers/secret_token.rb):
  actionpack (3.2.13) lib/action_dispatch/middleware/cookies.rb:319:in `ensure_secret_secure'
  actionpack (3.2.13) lib/action_dispatch/middleware/cookies.rb:284:in `initialize'
  actionpack (3.2.13) lib/action_dispatch/middleware/cookies.rb:231:in `new'
  actionpack (3.2.13) lib/action_dispatch/middleware/cookies.rb:231:in `signed'
  actionpack (3.2.13) lib/action_dispatch/middleware/session/cookie_store.rb:50:in `block in unpacked_cookie_data'
  actionpack (3.2.13) lib/action_dispatch/middleware/session/abstract_store.rb:57:in `stale_session_check!'
  actionpack (3.2.13) lib/action_dispatch/middleware/session/cookie_store.rb:48:in `unpacked_cookie_data'
  rack (1.4.5) lib/rack/session/cookie.rb:107:in `extract_session_id'
  actionpack (3.2.13) lib/action_dispatch/middleware/session/abstract_store.rb:53:in `block in extract_session_id'
  actionpack (3.2.13) lib/action_dispatch/middleware/session/abstract_store.rb:57:in `stale_session_check!'
  actionpack (3.2.13) lib/action_dispatch/middleware/session/abstract_store.rb:53:in `extract_session_id'
  rack (1.4.5) lib/rack/session/abstract/id.rb:43:in `load_session_id!'
  rack (1.4.5) lib/rack/session/abstract/id.rb:32:in `[]'
  rack (1.4.5) lib/rack/session/abstract/id.rb:267:in `current_session_id'
  rack (1.4.5) lib/rack/session/abstract/id.rb:273:in `session_exists?'
  rack (1.4.5) lib/rack/session/abstract/id.rb:107:in `exists?'
  rack (1.4.5) lib/rack/session/abstract/id.rb:127:in `load_for_read!'
  rack (1.4.5) lib/rack/session/abstract/id.rb:64:in `has_key?'
  actionpack (3.2.13) lib/action_dispatch/middleware/flash.rb:258:in `ensure in call'
  actionpack (3.2.13) lib/action_dispatch/middleware/flash.rb:259:in `call'
  rack (1.4.5) lib/rack/session/abstract/id.rb:210:in `context'
  rack (1.4.5) lib/rack/session/abstract/id.rb:205:in `call'
  actionpack (3.2.13) lib/action_dispatch/middleware/cookies.rb:341:in `call'
  activerecord (3.2.13) lib/active_record/query_cache.rb:64:in `call'
  activerecord (3.2.13) lib/active_record/connection_adapters/abstract/connection_pool.rb:479:in `call'
  actionpack (3.2.13) lib/action_dispatch/middleware/callbacks.rb:28:in `block in call'
  activesupport (3.2.13) lib/active_support/callbacks.rb:405:in `_run__1250281118936365651__call__3447213763307539491__callbacks'
  activesupport (3.2.13) lib/active_support/callbacks.rb:405:in `__run_callback'
  activesupport (3.2.13) lib/active_support/callbacks.rb:385:in `_run_call_callbacks'
  activesupport (3.2.13) lib/active_support/callbacks.rb:81:in `run_callbacks'
  actionpack (3.2.13) lib/action_dispatch/middleware/callbacks.rb:27:in `call'
  actionpack (3.2.13) lib/action_dispatch/middleware/remote_ip.rb:31:in `call'
  actionpack (3.2.13) lib/action_dispatch/middleware/debug_exceptions.rb:16:in `call'
  actionpack (3.2.13) lib/action_dispatch/middleware/show_exceptions.rb:56:in `call'
  railties (3.2.13) lib/rails/rack/logger.rb:32:in `call_app'
  railties (3.2.13) lib/rails/rack/logger.rb:16:in `block in call'
  activesupport (3.2.13) lib/active_support/tagged_logging.rb:22:in `tagged'
  railties (3.2.13) lib/rails/rack/logger.rb:16:in `call'
  actionpack (3.2.13) lib/action_dispatch/middleware/request_id.rb:22:in `call'
  rack (1.4.5) lib/rack/methodoverride.rb:21:in `call'
  rack (1.4.5) lib/rack/runtime.rb:17:in `call'
  activesupport (3.2.13) lib/active_support/cache/strategy/local_cache.rb:72:in `call'
  rack (1.4.5) lib/rack/lock.rb:15:in `call'
  actionpack (3.2.13) lib/action_dispatch/middleware/static.rb:63:in `call'
  rack-cache (1.2) lib/rack/cache/context.rb:136:in `forward'
  rack-cache (1.2) lib/rack/cache/context.rb:245:in `fetch'
  rack-cache (1.2) lib/rack/cache/context.rb:185:in `lookup'
  rack-cache (1.2) lib/rack/cache/context.rb:66:in `call!'
  rack-cache (1.2) lib/rack/cache/context.rb:51:in `call'
  railties (3.2.13) lib/rails/engine.rb:479:in `call'
  railties (3.2.13) lib/rails/application.rb:223:in `call'
  railties (3.2.13) lib/rails/railtie/configurable.rb:30:in `method_missing'
  passenger (4.0.53) lib/phusion_passenger/rack/thread_handler_extension.rb:74:in `process_request'
  passenger (4.0.53) lib/phusion_passenger/request_handler/thread_handler.rb:141:in `accept_and_process_next_request'
  passenger (4.0.53) lib/phusion_passenger/request_handler/thread_handler.rb:109:in `main_loop'
  passenger (4.0.53) lib/phusion_passenger/request_handler.rb:455:in `block (3 levels) in start_threads'


Started GET "/" for 192.168.33.1 at 2014-11-28 05:03:23 +0000

ArgumentError (A secret is required to generate an integrity hash for cookie session data. Use config.secret_token = "some secret phrase of at least 30 characters"in config/initializers/secret_token.rb):
  actionpack (3.2.13) lib/action_dispatch/middleware/cookies.rb:319:in `ensure_secret_secure'
  actionpack (3.2.13) lib/action_dispatch/middleware/cookies.rb:284:in `initialize'
  actionpack (3.2.13) lib/action_dispatch/middleware/cookies.rb:231:in `new'
  actionpack (3.2.13) lib/action_dispatch/middleware/cookies.rb:231:in `signed'
  actionpack (3.2.13) lib/action_dispatch/middleware/session/cookie_store.rb:50:in `block in unpacked_cookie_data'
  actionpack (3.2.13) lib/action_dispatch/middleware/session/abstract_store.rb:57:in `stale_session_check!'
  actionpack (3.2.13) lib/action_dispatch/middleware/session/cookie_store.rb:48:in `unpacked_cookie_data'
  rack (1.4.5) lib/rack/session/cookie.rb:107:in `extract_session_id'
  actionpack (3.2.13) lib/action_dispatch/middleware/session/abstract_store.rb:53:in `block in extract_session_id'
  actionpack (3.2.13) lib/action_dispatch/middleware/session/abstract_store.rb:57:in `stale_session_check!'
  actionpack (3.2.13) lib/action_dispatch/middleware/session/abstract_store.rb:53:in `extract_session_id'
  rack (1.4.5) lib/rack/session/abstract/id.rb:43:in `load_session_id!'
  rack (1.4.5) lib/rack/session/abstract/id.rb:32:in `[]'
  rack (1.4.5) lib/rack/session/abstract/id.rb:267:in `current_session_id'
  rack (1.4.5) lib/rack/session/abstract/id.rb:273:in `session_exists?'
  rack (1.4.5) lib/rack/session/abstract/id.rb:107:in `exists?'
  rack (1.4.5) lib/rack/session/abstract/id.rb:127:in `load_for_read!'
  rack (1.4.5) lib/rack/session/abstract/id.rb:64:in `has_key?'
  actionpack (3.2.13) lib/action_dispatch/middleware/flash.rb:258:in `ensure in call'
  actionpack (3.2.13) lib/action_dispatch/middleware/flash.rb:259:in `call'
  rack (1.4.5) lib/rack/session/abstract/id.rb:210:in `context'
  rack (1.4.5) lib/rack/session/abstract/id.rb:205:in `call'
  actionpack (3.2.13) lib/action_dispatch/middleware/cookies.rb:341:in `call'
  activerecord (3.2.13) lib/active_record/query_cache.rb:64:in `call'
  activerecord (3.2.13) lib/active_record/connection_adapters/abstract/connection_pool.rb:479:in `call'
  actionpack (3.2.13) lib/action_dispatch/middleware/callbacks.rb:28:in `block in call'
  activesupport (3.2.13) lib/active_support/callbacks.rb:405:in `_run__1250281118936365651__call__3447213763307539491__callbacks'
  activesupport (3.2.13) lib/active_support/callbacks.rb:405:in `__run_callback'
  activesupport (3.2.13) lib/active_support/callbacks.rb:385:in `_run_call_callbacks'
  activesupport (3.2.13) lib/active_support/callbacks.rb:81:in `run_callbacks'
  actionpack (3.2.13) lib/action_dispatch/middleware/callbacks.rb:27:in `call'
  actionpack (3.2.13) lib/action_dispatch/middleware/remote_ip.rb:31:in `call'
  actionpack (3.2.13) lib/action_dispatch/middleware/debug_exceptions.rb:16:in `call'
  actionpack (3.2.13) lib/action_dispatch/middleware/show_exceptions.rb:56:in `call'
  railties (3.2.13) lib/rails/rack/logger.rb:32:in `call_app'
  railties (3.2.13) lib/rails/rack/logger.rb:16:in `block in call'
  activesupport (3.2.13) lib/active_support/tagged_logging.rb:22:in `tagged'
  railties (3.2.13) lib/rails/rack/logger.rb:16:in `call'
  actionpack (3.2.13) lib/action_dispatch/middleware/request_id.rb:22:in `call'
  rack (1.4.5) lib/rack/methodoverride.rb:21:in `call'
  rack (1.4.5) lib/rack/runtime.rb:17:in `call'
  activesupport (3.2.13) lib/active_support/cache/strategy/local_cache.rb:72:in `call'
  rack (1.4.5) lib/rack/lock.rb:15:in `call'
  actionpack (3.2.13) lib/action_dispatch/middleware/static.rb:63:in `call'
  rack-cache (1.2) lib/rack/cache/context.rb:136:in `forward'
  rack-cache (1.2) lib/rack/cache/context.rb:245:in `fetch'
  rack-cache (1.2) lib/rack/cache/context.rb:185:in `lookup'
  rack-cache (1.2) lib/rack/cache/context.rb:66:in `call!'
  rack-cache (1.2) lib/rack/cache/context.rb:51:in `call'
  railties (3.2.13) lib/rails/engine.rb:479:in `call'
  railties (3.2.13) lib/rails/application.rb:223:in `call'
  railties (3.2.13) lib/rails/railtie/configurable.rb:30:in `method_missing'
  passenger (4.0.53) lib/phusion_passenger/rack/thread_handler_extension.rb:74:in `process_request'
  passenger (4.0.53) lib/phusion_passenger/request_handler/thread_handler.rb:141:in `accept_and_process_next_request'
  passenger (4.0.53) lib/phusion_passenger/request_handler/thread_handler.rb:109:in `main_loop'
  passenger (4.0.53) lib/phusion_passenger/request_handler.rb:455:in `block (3 levels) in start_threads'


Connecting to database specified by database.yml
OpenIdAuthentication.store is nil. Using in-memory store.
Creating scope :system. Overwriting existing method Enumeration.system.
Migrating to Setup (1)
Migrating to IssueMove (2)
Migrating to IssueAddNote (3)
Migrating to ExportPdf (4)
Migrating to IssueStartDate (5)
Migrating to CalendarAndActivity (6)
Migrating to CreateJournals (7)
Migrating to CreateUserPreferences (8)
Migrating to AddHideMailPref (9)
Migrating to CreateComments (10)
Migrating to AddNewsCommentsCount (11)
Migrating to AddCommentsPermissions (12)
Migrating to CreateQueries (13)
Migrating to AddQueriesPermissions (14)
Migrating to CreateRepositories (15)
Migrating to AddRepositoriesPermissions (16)
Migrating to CreateSettings (17)
Migrating to SetDocAndFilesNotifications (18)
Migrating to AddIssueStatusPosition (19)
Migrating to AddRolePosition (20)
Migrating to AddTrackerPosition (21)
Migrating to SerializePossiblesValues (22)
Migrating to AddTrackerIsInRoadmap (23)
Migrating to AddRoadmapPermission (24)
Migrating to AddSearchPermission (25)
Migrating to AddRepositoryLoginAndPassword (26)
Migrating to CreateWikis (27)
Migrating to CreateWikiPages (28)
Migrating to CreateWikiContents (29)
Migrating to AddProjectsFeedsPermissions (30)
Migrating to AddRepositoryRootUrl (31)
Migrating to CreateTimeEntries (32)
Migrating to AddTimelogPermissions (33)
Migrating to CreateChangesets (34)
Migrating to CreateChanges (35)
Migrating to AddChangesetCommitDate (36)
Migrating to AddProjectIdentifier (37)
Migrating to AddCustomFieldIsFilter (38)
Migrating to CreateWatchers (39)
Migrating to CreateChangesetsIssues (40)
Migrating to RenameCommentToComments (41)
Migrating to CreateIssueRelations (42)
Migrating to AddRelationsPermissions (43)
Migrating to SetLanguageLengthToFive (44)
Migrating to CreateBoards (45)
Migrating to CreateMessages (46)
Migrating to AddBoardsPermissions (47)
Migrating to AllowNullVersionEffectiveDate (48)
Migrating to AddWikiDestroyPagePermission (49)
Migrating to AddWikiAttachmentsPermissions (50)
Migrating to AddProjectStatus (51)
Migrating to AddChangesRevision (52)
Migrating to AddChangesBranch (53)
Migrating to AddChangesetsScmid (54)
Migrating to AddRepositoriesType (55)
Migrating to AddRepositoriesChangesPermission (56)
Migrating to AddVersionsWikiPageTitle (57)
Migrating to AddIssueCategoriesAssignedToId (58)
Migrating to AddRolesAssignable (59)
Migrating to ChangeChangesetsCommitterLimit (60)
Migrating to AddRolesBuiltin (61)
Migrating to InsertBuiltinRoles (62)
Migrating to AddRolesPermissions (63)
Migrating to DropPermissions (64)
Migrating to AddSettingsUpdatedOn (65)
Migrating to AddCustomValueCustomizedIndex (66)
Migrating to CreateWikiRedirects (67)
Migrating to CreateEnabledModules (68)
Migrating to AddIssuesEstimatedHours (69)
Migrating to ChangeAttachmentsContentTypeLimit (70)
Migrating to AddQueriesColumnNames (71)
Migrating to AddEnumerationsPosition (72)
Migrating to AddEnumerationsIsDefault (73)
Migrating to AddAuthSourcesTls (74)
Migrating to AddMembersMailNotification (75)
Migrating to AllowNullPosition (76)
Migrating to RemoveIssueStatusesHtmlColor (77)
Migrating to AddCustomFieldsPosition (78)
Migrating to AddUserPreferencesTimeZone (79)
Migrating to AddUsersType (80)
Creating scope :sorted. Overwriting existing method User.sorted.
Migrating to CreateProjectsTrackers (81)
Migrating to AddMessagesLocked (82)
Migrating to AddMessagesSticky (83)
Migrating to ChangeAuthSourcesAccountLimit (84)
Migrating to AddRoleTrackerOldStatusIndexToWorkflows (85)
Migrating to AddCustomFieldsSearchable (86)
Migrating to ChangeProjectsDescriptionToText (87)
Migrating to AddCustomFieldsDefaultValue (88)
Migrating to AddAttachmentsDescription (89)
Migrating to ChangeVersionsNameLimit (90)
Migrating to ChangeChangesetsRevisionToString (91)
Migrating to ChangeChangesFromRevisionToString (92)
Migrating to AddWikiPagesProtected (93)
Migrating to ChangeProjectsHomepageLimit (94)
Migrating to AddWikiPagesParentId (95)
Migrating to AddCommitAccessPermission (96)
Migrating to AddViewWikiEditsPermission (97)
Migrating to SetTopicAuthorsAsWatchers (98)
Migrating to AddDeleteWikiPagesAttachmentsPermission (99)
Migrating to AddChangesetsUserId (100)
Migrating to PopulateChangesetsUserId (101)
Migrating to AddCustomFieldsEditable (102)
Migrating to SetCustomFieldsEditable (103)
Migrating to AddProjectsLftAndRgt (104)
Migrating to BuildProjectsTree (105)
Migrating to RemoveProjectsProjectsCount (106)
Migrating to AddOpenIdAuthenticationTables (107)
Migrating to AddIdentityUrlToUsers (108)
Migrating to AddWatchersUserIdTypeIndex (20090214190337)
Migrating to AddQueriesSortCriteria (20090312172426)
Migrating to AddProjectsTrackersUniqueIndex (20090312194159)
Migrating to ExtendSettingsName (20090318181151)
Migrating to AddTypeToEnumerations (20090323224724)
Migrating to UpdateEnumerationsToSti (20090401221305)
Migrating to AddActiveFieldToEnumerations (20090401231134)
Migrating to AddProjectToEnumerations (20090403001910)
Migrating to AddParentIdToEnumerations (20090406161854)
Migrating to AddQueriesGroupBy (20090425161243)
Migrating to CreateMemberRoles (20090503121501)
Migrating to PopulateMemberRoles (20090503121505)
Migrating to DropMembersRoleId (20090503121510)
Migrating to FixMessagesStickyNull (20090614091200)
Migrating to PopulateUsersType (20090704172350)
Migrating to CreateGroupsUsers (20090704172355)
Migrating to AddMemberRolesInheritedFrom (20090704172358)
Migrating to FixUsersCustomValues (20091010093521)
Migrating to AddMissingIndexesToWorkflows (20091017212227)
Migrating to AddMissingIndexesToCustomFieldsProjects (20091017212457)
Migrating to AddMissingIndexesToMessages (20091017212644)
Migrating to AddMissingIndexesToRepositories (20091017212938)
Migrating to AddMissingIndexesToComments (20091017213027)
Migrating to AddMissingIndexesToEnumerations (20091017213113)
Migrating to AddMissingIndexesToWikiPages (20091017213151)
Migrating to AddMissingIndexesToWatchers (20091017213228)
Migrating to AddMissingIndexesToAuthSources (20091017213257)
Migrating to AddMissingIndexesToDocuments (20091017213332)
Migrating to AddMissingIndexesToTokens (20091017213444)
Migrating to AddMissingIndexesToChangesets (20091017213536)
Migrating to AddMissingIndexesToIssueCategories (20091017213642)
Migrating to AddMissingIndexesToMemberRoles (20091017213716)
Migrating to AddMissingIndexesToBoards (20091017213757)
Migrating to AddMissingIndexesToUserPreferences (20091017213835)
Migrating to AddMissingIndexesToIssues (20091017213910)
Migrating to AddMissingIndexesToMembers (20091017214015)
Migrating to AddMissingIndexesToCustomFields (20091017214107)
Migrating to AddMissingIndexesToQueries (20091017214136)
Migrating to AddMissingIndexesToTimeEntries (20091017214236)
Migrating to AddMissingIndexesToNews (20091017214308)
Migrating to AddMissingIndexesToUsers (20091017214336)
Migrating to AddMissingIndexesToAttachments (20091017214406)
Migrating to AddMissingIndexesToWikiContents (20091017214440)
Migrating to AddMissingIndexesToCustomValues (20091017214519)
Migrating to AddMissingIndexesToJournals (20091017214611)
Migrating to AddMissingIndexesToIssueRelations (20091017214644)
Migrating to AddMissingIndexesToWikiRedirects (20091017214720)
Migrating to AddMissingIndexesToCustomFieldsTrackers (20091017214750)
Migrating to AddActivityIndexes (20091025163651)
Migrating to AddVersionsStatus (20091108092559)
Migrating to AddViewIssuesPermission (20091114105931)
Migrating to AddDefaultDoneRatioToIssueStatus (20091123212029)
Migrating to AddVersionsSharing (20091205124427)
Migrating to AddLftAndRgtIndexesToProjects (20091220183509)
Migrating to AddIndexToSettingsName (20091220183727)
Migrating to AddIndexesToIssueStatus (20091220184736)
Migrating to RemoveEnumerationsOpt (20091225164732)
Migrating to ChangeWikiContentsTextLimit (20091227112908)
Migrating to ChangeUsersMailNotificationToString (20100129193402)
Migrating to UpdateMailNotificationValues (20100129193813)
Migrating to AddIndexOnChangesetsScmid (20100221100219)
Migrating to AddIssuesNestedSetsColumns (20100313132032)
Migrating to AddIndexOnIssuesNestedSet (20100313171051)
Migrating to ChangeChangesPathLengthLimit (20100705164950)
Migrating to EnableCalendarAndGanttModulesWhereAppropriate (20100819172912)
Migrating to AddUniqueIndexOnMembers (20101104182107)
Migrating to AddCustomFieldsVisible (20101107130441)
Migrating to ChangeProjectsNameLimit (20101114115114)
Migrating to ChangeProjectsIdentifierLimit (20101114115359)
Migrating to AddWorkflowsAssigneeAndAuthor (20110220160626)
Migrating to AddUsersSalt (20110223180944)
Migrating to SaltUserPasswords (20110223180953)
Migrating to AddRepositoriesPathEncoding (20110224000000)
Migrating to ChangeRepositoriesPasswordLimit (20110226120112)
Migrating to ChangeAuthSourcesAccountPasswordLimit (20110226120132)
Migrating to ChangeJournalDetailsValuesToText (20110227125750)
Migrating to AddRepositoriesLogEncoding (20110228000000)
Migrating to CopyRepositoriesLogEncoding (20110228000100)
Migrating to AddIndexToUsersType (20110401192910)
Migrating to AddRolesIssuesVisibility (20110408103312)
Migrating to AddIssuesIsPrivate (20110412065600)
Migrating to AddRepositoriesExtraInfo (20110511000000)
Migrating to CreateChangesetParents (20110902000000)
Migrating to AddUniqueIndexToIssueRelations (20111201201315)
Migrating to AddRepositoriesIdentifier (20120115143024)
Migrating to AddRepositoriesIsDefault (20120115143100)
Migrating to SetDefaultRepositories (20120115143126)
Migrating to AddCustomFieldsMultiple (20120127174243)
Migrating to ChangeUsersLoginLimit (20120205111326)
Migrating to ChangeAttachmentsContainerDefaults (20120223110929)
Migrating to AddAuthSourcesFilter (20120301153455)
Migrating to ChangeRepositoriesToFullSti (20120422150750)
Migrating to AddTrackersFieldsBits (20120705074331)
Migrating to AddAuthSourcesTimeout (20120707064544)
Migrating to AddWorkflowsType (20120714122000)
Migrating to UpdateWorkflowsToSti (20120714122100)
Migrating to AddWorkflowsRuleFields (20120714122200)
Migrating to AddBoardsParentId (20120731164049)
Migrating to AddJournalsPrivateNotes (20120930112914)
Migrating to AddEnumerationsPositionName (20121026002032)
Migrating to PopulateEnumerationsPositionName (20121026003537)
Migrating to AddQueriesType (20121209123234)
Migrating to UpdateQueriesToSti (20121209123358)
Migrating to AddAttachmentsDiskDirectory (20121213084931)
Migrating to SplitDocumentsPermissions (20130110122628)
Migrating to AddUniqueIndexOnTokensValue (20130201184705)
Migrating to AddProjectsInheritMembers (20130202090625)
Migrating to AddUniqueIndexOnCustomFieldsTrackers (20130207175206)
Migrating to AddUniqueIndexOnCustomFieldsProjects (20130207181455)
Migrating to ChangeUsersLastnameLengthTo255 (20130215073721)
Migrating to AddIssuesClosedOn (20130215111127)
Migrating to PopulateIssuesClosedOn (20130215111141)
Migrating to RemoveIssuesDefaultFkValues (20130217094251)
Connecting to database specified by database.yml
OpenIdAuthentication.store is nil. Using in-memory store.
Creating scope :system. Overwriting existing method Enumeration.system.
Migrating to Setup (1)
Migrating to IssueMove (2)
Migrating to IssueAddNote (3)
Migrating to ExportPdf (4)
Migrating to IssueStartDate (5)
Migrating to CalendarAndActivity (6)
Migrating to CreateJournals (7)
Migrating to CreateUserPreferences (8)
Migrating to AddHideMailPref (9)
Migrating to CreateComments (10)
Migrating to AddNewsCommentsCount (11)
Migrating to AddCommentsPermissions (12)
Migrating to CreateQueries (13)
Migrating to AddQueriesPermissions (14)
Migrating to CreateRepositories (15)
Migrating to AddRepositoriesPermissions (16)
Migrating to CreateSettings (17)
Migrating to SetDocAndFilesNotifications (18)
Migrating to AddIssueStatusPosition (19)
Migrating to AddRolePosition (20)
Migrating to AddTrackerPosition (21)
Migrating to SerializePossiblesValues (22)
Migrating to AddTrackerIsInRoadmap (23)
Migrating to AddRoadmapPermission (24)
Migrating to AddSearchPermission (25)
Migrating to AddRepositoryLoginAndPassword (26)
Migrating to CreateWikis (27)
Migrating to CreateWikiPages (28)
Migrating to CreateWikiContents (29)
Migrating to AddProjectsFeedsPermissions (30)
Migrating to AddRepositoryRootUrl (31)
Migrating to CreateTimeEntries (32)
Migrating to AddTimelogPermissions (33)
Migrating to CreateChangesets (34)
Migrating to CreateChanges (35)
Migrating to AddChangesetCommitDate (36)
Migrating to AddProjectIdentifier (37)
Migrating to AddCustomFieldIsFilter (38)
Migrating to CreateWatchers (39)
Migrating to CreateChangesetsIssues (40)
Migrating to RenameCommentToComments (41)
Migrating to CreateIssueRelations (42)
Migrating to AddRelationsPermissions (43)
Migrating to SetLanguageLengthToFive (44)
Migrating to CreateBoards (45)
Migrating to CreateMessages (46)
Migrating to AddBoardsPermissions (47)
Migrating to AllowNullVersionEffectiveDate (48)
Migrating to AddWikiDestroyPagePermission (49)
Migrating to AddWikiAttachmentsPermissions (50)
Migrating to AddProjectStatus (51)
Migrating to AddChangesRevision (52)
Migrating to AddChangesBranch (53)
Migrating to AddChangesetsScmid (54)
Migrating to AddRepositoriesType (55)
Migrating to AddRepositoriesChangesPermission (56)
Migrating to AddVersionsWikiPageTitle (57)
Migrating to AddIssueCategoriesAssignedToId (58)
Migrating to AddRolesAssignable (59)
Migrating to ChangeChangesetsCommitterLimit (60)
Migrating to AddRolesBuiltin (61)
Migrating to InsertBuiltinRoles (62)
Migrating to AddRolesPermissions (63)
Migrating to DropPermissions (64)
Migrating to AddSettingsUpdatedOn (65)
Migrating to AddCustomValueCustomizedIndex (66)
Migrating to CreateWikiRedirects (67)
Migrating to CreateEnabledModules (68)
Migrating to AddIssuesEstimatedHours (69)
Migrating to ChangeAttachmentsContentTypeLimit (70)
Migrating to AddQueriesColumnNames (71)
Migrating to AddEnumerationsPosition (72)
Migrating to AddEnumerationsIsDefault (73)
Migrating to AddAuthSourcesTls (74)
Migrating to AddMembersMailNotification (75)
Migrating to AllowNullPosition (76)
Migrating to RemoveIssueStatusesHtmlColor (77)
Migrating to AddCustomFieldsPosition (78)
Migrating to AddUserPreferencesTimeZone (79)
Migrating to AddUsersType (80)
Migrating to CreateProjectsTrackers (81)
Migrating to AddMessagesLocked (82)
Migrating to AddMessagesSticky (83)
Migrating to ChangeAuthSourcesAccountLimit (84)
Migrating to AddRoleTrackerOldStatusIndexToWorkflows (85)
Migrating to AddCustomFieldsSearchable (86)
Migrating to ChangeProjectsDescriptionToText (87)
Migrating to AddCustomFieldsDefaultValue (88)
Migrating to AddAttachmentsDescription (89)
Migrating to ChangeVersionsNameLimit (90)
Migrating to ChangeChangesetsRevisionToString (91)
Migrating to ChangeChangesFromRevisionToString (92)
Migrating to AddWikiPagesProtected (93)
Migrating to ChangeProjectsHomepageLimit (94)
Migrating to AddWikiPagesParentId (95)
Migrating to AddCommitAccessPermission (96)
Migrating to AddViewWikiEditsPermission (97)
Migrating to SetTopicAuthorsAsWatchers (98)
Migrating to AddDeleteWikiPagesAttachmentsPermission (99)
Migrating to AddChangesetsUserId (100)
Migrating to PopulateChangesetsUserId (101)
Migrating to AddCustomFieldsEditable (102)
Migrating to SetCustomFieldsEditable (103)
Migrating to AddProjectsLftAndRgt (104)
Migrating to BuildProjectsTree (105)
Migrating to RemoveProjectsProjectsCount (106)
Migrating to AddOpenIdAuthenticationTables (107)
Migrating to AddIdentityUrlToUsers (108)
Migrating to AddWatchersUserIdTypeIndex (20090214190337)
Migrating to AddQueriesSortCriteria (20090312172426)
Migrating to AddProjectsTrackersUniqueIndex (20090312194159)
Migrating to ExtendSettingsName (20090318181151)
Migrating to AddTypeToEnumerations (20090323224724)
Migrating to UpdateEnumerationsToSti (20090401221305)
Migrating to AddActiveFieldToEnumerations (20090401231134)
Migrating to AddProjectToEnumerations (20090403001910)
Migrating to AddParentIdToEnumerations (20090406161854)
Migrating to AddQueriesGroupBy (20090425161243)
Migrating to CreateMemberRoles (20090503121501)
Migrating to PopulateMemberRoles (20090503121505)
Migrating to DropMembersRoleId (20090503121510)
Migrating to FixMessagesStickyNull (20090614091200)
Migrating to PopulateUsersType (20090704172350)
Migrating to CreateGroupsUsers (20090704172355)
Migrating to AddMemberRolesInheritedFrom (20090704172358)
Migrating to FixUsersCustomValues (20091010093521)
Migrating to AddMissingIndexesToWorkflows (20091017212227)
Migrating to AddMissingIndexesToCustomFieldsProjects (20091017212457)
Migrating to AddMissingIndexesToMessages (20091017212644)
Migrating to AddMissingIndexesToRepositories (20091017212938)
Migrating to AddMissingIndexesToComments (20091017213027)
Migrating to AddMissingIndexesToEnumerations (20091017213113)
Migrating to AddMissingIndexesToWikiPages (20091017213151)
Migrating to AddMissingIndexesToWatchers (20091017213228)
Migrating to AddMissingIndexesToAuthSources (20091017213257)
Migrating to AddMissingIndexesToDocuments (20091017213332)
Migrating to AddMissingIndexesToTokens (20091017213444)
Migrating to AddMissingIndexesToChangesets (20091017213536)
Migrating to AddMissingIndexesToIssueCategories (20091017213642)
Migrating to AddMissingIndexesToMemberRoles (20091017213716)
Migrating to AddMissingIndexesToBoards (20091017213757)
Migrating to AddMissingIndexesToUserPreferences (20091017213835)
Migrating to AddMissingIndexesToIssues (20091017213910)
Migrating to AddMissingIndexesToMembers (20091017214015)
Migrating to AddMissingIndexesToCustomFields (20091017214107)
Migrating to AddMissingIndexesToQueries (20091017214136)
Migrating to AddMissingIndexesToTimeEntries (20091017214236)
Migrating to AddMissingIndexesToNews (20091017214308)
Migrating to AddMissingIndexesToUsers (20091017214336)
Migrating to AddMissingIndexesToAttachments (20091017214406)
Migrating to AddMissingIndexesToWikiContents (20091017214440)
Migrating to AddMissingIndexesToCustomValues (20091017214519)
Migrating to AddMissingIndexesToJournals (20091017214611)
Migrating to AddMissingIndexesToIssueRelations (20091017214644)
Migrating to AddMissingIndexesToWikiRedirects (20091017214720)
Migrating to AddMissingIndexesToCustomFieldsTrackers (20091017214750)
Migrating to AddActivityIndexes (20091025163651)
Migrating to AddVersionsStatus (20091108092559)
Migrating to AddViewIssuesPermission (20091114105931)
Migrating to AddDefaultDoneRatioToIssueStatus (20091123212029)
Migrating to AddVersionsSharing (20091205124427)
Migrating to AddLftAndRgtIndexesToProjects (20091220183509)
Migrating to AddIndexToSettingsName (20091220183727)
Migrating to AddIndexesToIssueStatus (20091220184736)
Migrating to RemoveEnumerationsOpt (20091225164732)
Migrating to ChangeWikiContentsTextLimit (20091227112908)
Migrating to ChangeUsersMailNotificationToString (20100129193402)
Migrating to UpdateMailNotificationValues (20100129193813)
Migrating to AddIndexOnChangesetsScmid (20100221100219)
Migrating to AddIssuesNestedSetsColumns (20100313132032)
Migrating to AddIndexOnIssuesNestedSet (20100313171051)
Migrating to ChangeChangesPathLengthLimit (20100705164950)
Migrating to EnableCalendarAndGanttModulesWhereAppropriate (20100819172912)
Migrating to AddUniqueIndexOnMembers (20101104182107)
Migrating to AddCustomFieldsVisible (20101107130441)
Migrating to ChangeProjectsNameLimit (20101114115114)
Migrating to ChangeProjectsIdentifierLimit (20101114115359)
Migrating to AddWorkflowsAssigneeAndAuthor (20110220160626)
Migrating to AddUsersSalt (20110223180944)
Migrating to SaltUserPasswords (20110223180953)
Migrating to AddRepositoriesPathEncoding (20110224000000)
Migrating to ChangeRepositoriesPasswordLimit (20110226120112)
Migrating to ChangeAuthSourcesAccountPasswordLimit (20110226120132)
Migrating to ChangeJournalDetailsValuesToText (20110227125750)
Migrating to AddRepositoriesLogEncoding (20110228000000)
Migrating to CopyRepositoriesLogEncoding (20110228000100)
Migrating to AddIndexToUsersType (20110401192910)
Migrating to AddRolesIssuesVisibility (20110408103312)
Migrating to AddIssuesIsPrivate (20110412065600)
Migrating to AddRepositoriesExtraInfo (20110511000000)
Migrating to CreateChangesetParents (20110902000000)
Migrating to AddUniqueIndexToIssueRelations (20111201201315)
Migrating to AddRepositoriesIdentifier (20120115143024)
Migrating to AddRepositoriesIsDefault (20120115143100)
Migrating to SetDefaultRepositories (20120115143126)
Migrating to AddCustomFieldsMultiple (20120127174243)
Migrating to ChangeUsersLoginLimit (20120205111326)
Migrating to ChangeAttachmentsContainerDefaults (20120223110929)
Migrating to AddAuthSourcesFilter (20120301153455)
Migrating to ChangeRepositoriesToFullSti (20120422150750)
Migrating to AddTrackersFieldsBits (20120705074331)
Migrating to AddAuthSourcesTimeout (20120707064544)
Migrating to AddWorkflowsType (20120714122000)
Migrating to UpdateWorkflowsToSti (20120714122100)
Migrating to AddWorkflowsRuleFields (20120714122200)
Migrating to AddBoardsParentId (20120731164049)
Migrating to AddJournalsPrivateNotes (20120930112914)
Migrating to AddEnumerationsPositionName (20121026002032)
Migrating to PopulateEnumerationsPositionName (20121026003537)
Migrating to AddQueriesType (20121209123234)
Migrating to UpdateQueriesToSti (20121209123358)
Migrating to AddAttachmentsDiskDirectory (20121213084931)
Migrating to SplitDocumentsPermissions (20130110122628)
Migrating to AddUniqueIndexOnTokensValue (20130201184705)
Migrating to AddProjectsInheritMembers (20130202090625)
Migrating to AddUniqueIndexOnCustomFieldsTrackers (20130207175206)
Migrating to AddUniqueIndexOnCustomFieldsProjects (20130207181455)
Migrating to ChangeUsersLastnameLengthTo255 (20130215073721)
Migrating to AddIssuesClosedOn (20130215111127)
Migrating to PopulateIssuesClosedOn (20130215111141)
Migrating to RemoveIssuesDefaultFkValues (20130217094251)
Connecting to database specified by database.yml
OpenIdAuthentication.store is nil. Using in-memory store.
Creating scope :system. Overwriting existing method Enumeration.system.
Creating scope :sorted. Overwriting existing method Group.sorted.
Creating scope :sorted. Overwriting existing method User.sorted.
Started GET "/" for 192.168.33.1 at 2015-02-04 10:27:35 +0000

ArgumentError (A secret is required to generate an integrity hash for cookie session data. Use config.secret_token = "some secret phrase of at least 30 characters"in config/initializers/secret_token.rb):
  actionpack (3.2.13) lib/action_dispatch/middleware/cookies.rb:319:in `ensure_secret_secure'
  actionpack (3.2.13) lib/action_dispatch/middleware/cookies.rb:284:in `initialize'
  actionpack (3.2.13) lib/action_dispatch/middleware/cookies.rb:231:in `new'
  actionpack (3.2.13) lib/action_dispatch/middleware/cookies.rb:231:in `signed'
  actionpack (3.2.13) lib/action_dispatch/middleware/session/cookie_store.rb:50:in `block in unpacked_cookie_data'
  actionpack (3.2.13) lib/action_dispatch/middleware/session/abstract_store.rb:57:in `stale_session_check!'
  actionpack (3.2.13) lib/action_dispatch/middleware/session/cookie_store.rb:48:in `unpacked_cookie_data'
  rack (1.4.5) lib/rack/session/cookie.rb:107:in `extract_session_id'
  actionpack (3.2.13) lib/action_dispatch/middleware/session/abstract_store.rb:53:in `block in extract_session_id'
  actionpack (3.2.13) lib/action_dispatch/middleware/session/abstract_store.rb:57:in `stale_session_check!'
  actionpack (3.2.13) lib/action_dispatch/middleware/session/abstract_store.rb:53:in `extract_session_id'
  rack (1.4.5) lib/rack/session/abstract/id.rb:43:in `load_session_id!'
  rack (1.4.5) lib/rack/session/abstract/id.rb:32:in `[]'
  rack (1.4.5) lib/rack/session/abstract/id.rb:267:in `current_session_id'
  rack (1.4.5) lib/rack/session/abstract/id.rb:273:in `session_exists?'
  rack (1.4.5) lib/rack/session/abstract/id.rb:107:in `exists?'
  rack (1.4.5) lib/rack/session/abstract/id.rb:127:in `load_for_read!'
  rack (1.4.5) lib/rack/session/abstract/id.rb:64:in `has_key?'
  actionpack (3.2.13) lib/action_dispatch/middleware/flash.rb:258:in `ensure in call'
  actionpack (3.2.13) lib/action_dispatch/middleware/flash.rb:259:in `call'
  rack (1.4.5) lib/rack/session/abstract/id.rb:210:in `context'
  rack (1.4.5) lib/rack/session/abstract/id.rb:205:in `call'
  actionpack (3.2.13) lib/action_dispatch/middleware/cookies.rb:341:in `call'
  activerecord (3.2.13) lib/active_record/query_cache.rb:64:in `call'
  activerecord (3.2.13) lib/active_record/connection_adapters/abstract/connection_pool.rb:479:in `call'
  actionpack (3.2.13) lib/action_dispatch/middleware/callbacks.rb:28:in `block in call'
  activesupport (3.2.13) lib/active_support/callbacks.rb:405:in `_run__3666878761764754594__call__2672000765448384981__callbacks'
  activesupport (3.2.13) lib/active_support/callbacks.rb:405:in `__run_callback'
  activesupport (3.2.13) lib/active_support/callbacks.rb:385:in `_run_call_callbacks'
  activesupport (3.2.13) lib/active_support/callbacks.rb:81:in `run_callbacks'
  actionpack (3.2.13) lib/action_dispatch/middleware/callbacks.rb:27:in `call'
  actionpack (3.2.13) lib/action_dispatch/middleware/remote_ip.rb:31:in `call'
  actionpack (3.2.13) lib/action_dispatch/middleware/debug_exceptions.rb:16:in `call'
  actionpack (3.2.13) lib/action_dispatch/middleware/show_exceptions.rb:56:in `call'
  railties (3.2.13) lib/rails/rack/logger.rb:32:in `call_app'
  railties (3.2.13) lib/rails/rack/logger.rb:16:in `block in call'
  activesupport (3.2.13) lib/active_support/tagged_logging.rb:22:in `tagged'
  railties (3.2.13) lib/rails/rack/logger.rb:16:in `call'
  actionpack (3.2.13) lib/action_dispatch/middleware/request_id.rb:22:in `call'
  rack (1.4.5) lib/rack/methodoverride.rb:21:in `call'
  rack (1.4.5) lib/rack/runtime.rb:17:in `call'
  activesupport (3.2.13) lib/active_support/cache/strategy/local_cache.rb:72:in `call'
  rack (1.4.5) lib/rack/lock.rb:15:in `call'
  actionpack (3.2.13) lib/action_dispatch/middleware/static.rb:63:in `call'
  rack-cache (1.2) lib/rack/cache/context.rb:136:in `forward'
  rack-cache (1.2) lib/rack/cache/context.rb:245:in `fetch'
  rack-cache (1.2) lib/rack/cache/context.rb:185:in `lookup'
  rack-cache (1.2) lib/rack/cache/context.rb:66:in `call!'
  rack-cache (1.2) lib/rack/cache/context.rb:51:in `call'
  railties (3.2.13) lib/rails/engine.rb:479:in `call'
  railties (3.2.13) lib/rails/application.rb:223:in `call'
  railties (3.2.13) lib/rails/railtie/configurable.rb:30:in `method_missing'
  passenger (4.0.58) lib/phusion_passenger/rack/thread_handler_extension.rb:74:in `process_request'
  passenger (4.0.58) lib/phusion_passenger/request_handler/thread_handler.rb:141:in `accept_and_process_next_request'
  passenger (4.0.58) lib/phusion_passenger/request_handler/thread_handler.rb:109:in `main_loop'
  passenger (4.0.58) lib/phusion_passenger/request_handler.rb:455:in `block (3 levels) in start_threads'


Connecting to database specified by database.yml
OpenIdAuthentication.store is nil. Using in-memory store.
Creating scope :system. Overwriting existing method Enumeration.system.
Migrating to Setup (1)
Migrating to IssueMove (2)
Migrating to IssueAddNote (3)
Migrating to ExportPdf (4)
Migrating to IssueStartDate (5)
Migrating to CalendarAndActivity (6)
Migrating to CreateJournals (7)
Migrating to CreateUserPreferences (8)
Migrating to AddHideMailPref (9)
Migrating to CreateComments (10)
Migrating to AddNewsCommentsCount (11)
Migrating to AddCommentsPermissions (12)
Migrating to CreateQueries (13)
Migrating to AddQueriesPermissions (14)
Migrating to CreateRepositories (15)
Migrating to AddRepositoriesPermissions (16)
Migrating to CreateSettings (17)
Migrating to SetDocAndFilesNotifications (18)
Migrating to AddIssueStatusPosition (19)
Migrating to AddRolePosition (20)
Migrating to AddTrackerPosition (21)
Migrating to SerializePossiblesValues (22)
Migrating to AddTrackerIsInRoadmap (23)
Migrating to AddRoadmapPermission (24)
Migrating to AddSearchPermission (25)
Migrating to AddRepositoryLoginAndPassword (26)
Migrating to CreateWikis (27)
Migrating to CreateWikiPages (28)
Migrating to CreateWikiContents (29)
Migrating to AddProjectsFeedsPermissions (30)
Migrating to AddRepositoryRootUrl (31)
Migrating to CreateTimeEntries (32)
Migrating to AddTimelogPermissions (33)
Migrating to CreateChangesets (34)
Migrating to CreateChanges (35)
Migrating to AddChangesetCommitDate (36)
Migrating to AddProjectIdentifier (37)
Migrating to AddCustomFieldIsFilter (38)
Migrating to CreateWatchers (39)
Migrating to CreateChangesetsIssues (40)
Migrating to RenameCommentToComments (41)
Migrating to CreateIssueRelations (42)
Migrating to AddRelationsPermissions (43)
Migrating to SetLanguageLengthToFive (44)
Migrating to CreateBoards (45)
Migrating to CreateMessages (46)
Migrating to AddBoardsPermissions (47)
Migrating to AllowNullVersionEffectiveDate (48)
Migrating to AddWikiDestroyPagePermission (49)
Migrating to AddWikiAttachmentsPermissions (50)
Migrating to AddProjectStatus (51)
Migrating to AddChangesRevision (52)
Migrating to AddChangesBranch (53)
Migrating to AddChangesetsScmid (54)
Migrating to AddRepositoriesType (55)
Migrating to AddRepositoriesChangesPermission (56)
Migrating to AddVersionsWikiPageTitle (57)
Migrating to AddIssueCategoriesAssignedToId (58)
Migrating to AddRolesAssignable (59)
Migrating to ChangeChangesetsCommitterLimit (60)
Migrating to AddRolesBuiltin (61)
Migrating to InsertBuiltinRoles (62)
Migrating to AddRolesPermissions (63)
Migrating to DropPermissions (64)
Migrating to AddSettingsUpdatedOn (65)
Migrating to AddCustomValueCustomizedIndex (66)
Migrating to CreateWikiRedirects (67)
Migrating to CreateEnabledModules (68)
Migrating to AddIssuesEstimatedHours (69)
Migrating to ChangeAttachmentsContentTypeLimit (70)
Migrating to AddQueriesColumnNames (71)
Migrating to AddEnumerationsPosition (72)
Migrating to AddEnumerationsIsDefault (73)
Migrating to AddAuthSourcesTls (74)
Migrating to AddMembersMailNotification (75)
Migrating to AllowNullPosition (76)
Migrating to RemoveIssueStatusesHtmlColor (77)
Migrating to AddCustomFieldsPosition (78)
Migrating to AddUserPreferencesTimeZone (79)
Migrating to AddUsersType (80)
Migrating to CreateProjectsTrackers (81)
Migrating to AddMessagesLocked (82)
Migrating to AddMessagesSticky (83)
Migrating to ChangeAuthSourcesAccountLimit (84)
Migrating to AddRoleTrackerOldStatusIndexToWorkflows (85)
Migrating to AddCustomFieldsSearchable (86)
Migrating to ChangeProjectsDescriptionToText (87)
Migrating to AddCustomFieldsDefaultValue (88)
Migrating to AddAttachmentsDescription (89)
Migrating to ChangeVersionsNameLimit (90)
Migrating to ChangeChangesetsRevisionToString (91)
Migrating to ChangeChangesFromRevisionToString (92)
Migrating to AddWikiPagesProtected (93)
Migrating to ChangeProjectsHomepageLimit (94)
Migrating to AddWikiPagesParentId (95)
Migrating to AddCommitAccessPermission (96)
Migrating to AddViewWikiEditsPermission (97)
Migrating to SetTopicAuthorsAsWatchers (98)
Migrating to AddDeleteWikiPagesAttachmentsPermission (99)
Migrating to AddChangesetsUserId (100)
Migrating to PopulateChangesetsUserId (101)
Migrating to AddCustomFieldsEditable (102)
Migrating to SetCustomFieldsEditable (103)
Migrating to AddProjectsLftAndRgt (104)
Migrating to BuildProjectsTree (105)
Migrating to RemoveProjectsProjectsCount (106)
Migrating to AddOpenIdAuthenticationTables (107)
Migrating to AddIdentityUrlToUsers (108)
Migrating to AddWatchersUserIdTypeIndex (20090214190337)
Migrating to AddQueriesSortCriteria (20090312172426)
Migrating to AddProjectsTrackersUniqueIndex (20090312194159)
Migrating to ExtendSettingsName (20090318181151)
Migrating to AddTypeToEnumerations (20090323224724)
Migrating to UpdateEnumerationsToSti (20090401221305)
Migrating to AddActiveFieldToEnumerations (20090401231134)
Migrating to AddProjectToEnumerations (20090403001910)
Migrating to AddParentIdToEnumerations (20090406161854)
Migrating to AddQueriesGroupBy (20090425161243)
Migrating to CreateMemberRoles (20090503121501)
Migrating to PopulateMemberRoles (20090503121505)
Migrating to DropMembersRoleId (20090503121510)
Migrating to FixMessagesStickyNull (20090614091200)
Migrating to PopulateUsersType (20090704172350)
Migrating to CreateGroupsUsers (20090704172355)
Migrating to AddMemberRolesInheritedFrom (20090704172358)
Migrating to FixUsersCustomValues (20091010093521)
Migrating to AddMissingIndexesToWorkflows (20091017212227)
Migrating to AddMissingIndexesToCustomFieldsProjects (20091017212457)
Migrating to AddMissingIndexesToMessages (20091017212644)
Migrating to AddMissingIndexesToRepositories (20091017212938)
Migrating to AddMissingIndexesToComments (20091017213027)
Migrating to AddMissingIndexesToEnumerations (20091017213113)
Migrating to AddMissingIndexesToWikiPages (20091017213151)
Migrating to AddMissingIndexesToWatchers (20091017213228)
Migrating to AddMissingIndexesToAuthSources (20091017213257)
Migrating to AddMissingIndexesToDocuments (20091017213332)
Migrating to AddMissingIndexesToTokens (20091017213444)
Migrating to AddMissingIndexesToChangesets (20091017213536)
Migrating to AddMissingIndexesToIssueCategories (20091017213642)
Migrating to AddMissingIndexesToMemberRoles (20091017213716)
Migrating to AddMissingIndexesToBoards (20091017213757)
Migrating to AddMissingIndexesToUserPreferences (20091017213835)
Migrating to AddMissingIndexesToIssues (20091017213910)
Migrating to AddMissingIndexesToMembers (20091017214015)
Migrating to AddMissingIndexesToCustomFields (20091017214107)
Migrating to AddMissingIndexesToQueries (20091017214136)
Migrating to AddMissingIndexesToTimeEntries (20091017214236)
Migrating to AddMissingIndexesToNews (20091017214308)
Migrating to AddMissingIndexesToUsers (20091017214336)
Migrating to AddMissingIndexesToAttachments (20091017214406)
Migrating to AddMissingIndexesToWikiContents (20091017214440)
Migrating to AddMissingIndexesToCustomValues (20091017214519)
Migrating to AddMissingIndexesToJournals (20091017214611)
Migrating to AddMissingIndexesToIssueRelations (20091017214644)
Migrating to AddMissingIndexesToWikiRedirects (20091017214720)
Migrating to AddMissingIndexesToCustomFieldsTrackers (20091017214750)
Migrating to AddActivityIndexes (20091025163651)
Migrating to AddVersionsStatus (20091108092559)
Migrating to AddViewIssuesPermission (20091114105931)
Migrating to AddDefaultDoneRatioToIssueStatus (20091123212029)
Migrating to AddVersionsSharing (20091205124427)
Migrating to AddLftAndRgtIndexesToProjects (20091220183509)
Migrating to AddIndexToSettingsName (20091220183727)
Migrating to AddIndexesToIssueStatus (20091220184736)
Migrating to RemoveEnumerationsOpt (20091225164732)
Migrating to ChangeWikiContentsTextLimit (20091227112908)
Migrating to ChangeUsersMailNotificationToString (20100129193402)
Migrating to UpdateMailNotificationValues (20100129193813)
Migrating to AddIndexOnChangesetsScmid (20100221100219)
Migrating to AddIssuesNestedSetsColumns (20100313132032)
Migrating to AddIndexOnIssuesNestedSet (20100313171051)
Migrating to ChangeChangesPathLengthLimit (20100705164950)
Migrating to EnableCalendarAndGanttModulesWhereAppropriate (20100819172912)
Migrating to AddUniqueIndexOnMembers (20101104182107)
Migrating to AddCustomFieldsVisible (20101107130441)
Migrating to ChangeProjectsNameLimit (20101114115114)
Migrating to ChangeProjectsIdentifierLimit (20101114115359)
Migrating to AddWorkflowsAssigneeAndAuthor (20110220160626)
Migrating to AddUsersSalt (20110223180944)
Migrating to SaltUserPasswords (20110223180953)
Migrating to AddRepositoriesPathEncoding (20110224000000)
Migrating to ChangeRepositoriesPasswordLimit (20110226120112)
Migrating to ChangeAuthSourcesAccountPasswordLimit (20110226120132)
Migrating to ChangeJournalDetailsValuesToText (20110227125750)
Migrating to AddRepositoriesLogEncoding (20110228000000)
Migrating to CopyRepositoriesLogEncoding (20110228000100)
Migrating to AddIndexToUsersType (20110401192910)
Migrating to AddRolesIssuesVisibility (20110408103312)
Migrating to AddIssuesIsPrivate (20110412065600)
Migrating to AddRepositoriesExtraInfo (20110511000000)
Migrating to CreateChangesetParents (20110902000000)
Migrating to AddUniqueIndexToIssueRelations (20111201201315)
Migrating to AddRepositoriesIdentifier (20120115143024)
Migrating to AddRepositoriesIsDefault (20120115143100)
Migrating to SetDefaultRepositories (20120115143126)
Migrating to AddCustomFieldsMultiple (20120127174243)
Migrating to ChangeUsersLoginLimit (20120205111326)
Migrating to ChangeAttachmentsContainerDefaults (20120223110929)
Migrating to AddAuthSourcesFilter (20120301153455)
Migrating to ChangeRepositoriesToFullSti (20120422150750)
Migrating to AddTrackersFieldsBits (20120705074331)
Migrating to AddAuthSourcesTimeout (20120707064544)
Migrating to AddWorkflowsType (20120714122000)
Migrating to UpdateWorkflowsToSti (20120714122100)
Migrating to AddWorkflowsRuleFields (20120714122200)
Migrating to AddBoardsParentId (20120731164049)
Migrating to AddJournalsPrivateNotes (20120930112914)
Migrating to AddEnumerationsPositionName (20121026002032)
Migrating to PopulateEnumerationsPositionName (20121026003537)
Migrating to AddQueriesType (20121209123234)
Migrating to UpdateQueriesToSti (20121209123358)
Migrating to AddAttachmentsDiskDirectory (20121213084931)
Migrating to SplitDocumentsPermissions (20130110122628)
Migrating to AddUniqueIndexOnTokensValue (20130201184705)
Migrating to AddProjectsInheritMembers (20130202090625)
Migrating to AddUniqueIndexOnCustomFieldsTrackers (20130207175206)
Migrating to AddUniqueIndexOnCustomFieldsProjects (20130207181455)
Migrating to ChangeUsersLastnameLengthTo255 (20130215073721)
Migrating to AddIssuesClosedOn (20130215111127)
Migrating to PopulateIssuesClosedOn (20130215111141)
Migrating to RemoveIssuesDefaultFkValues (20130217094251)
Started GET "/" for 192.168.33.1 at 2015-02-04 10:33:04 +0000

ArgumentError (A secret is required to generate an integrity hash for cookie session data. Use config.secret_token = "some secret phrase of at least 30 characters"in config/initializers/secret_token.rb):
  actionpack (3.2.13) lib/action_dispatch/middleware/cookies.rb:319:in `ensure_secret_secure'
  actionpack (3.2.13) lib/action_dispatch/middleware/cookies.rb:284:in `initialize'
  actionpack (3.2.13) lib/action_dispatch/middleware/cookies.rb:231:in `new'
  actionpack (3.2.13) lib/action_dispatch/middleware/cookies.rb:231:in `signed'
  actionpack (3.2.13) lib/action_dispatch/middleware/session/cookie_store.rb:50:in `block in unpacked_cookie_data'
  actionpack (3.2.13) lib/action_dispatch/middleware/session/abstract_store.rb:57:in `stale_session_check!'
  actionpack (3.2.13) lib/action_dispatch/middleware/session/cookie_store.rb:48:in `unpacked_cookie_data'
  rack (1.4.5) lib/rack/session/cookie.rb:107:in `extract_session_id'
  actionpack (3.2.13) lib/action_dispatch/middleware/session/abstract_store.rb:53:in `block in extract_session_id'
  actionpack (3.2.13) lib/action_dispatch/middleware/session/abstract_store.rb:57:in `stale_session_check!'
  actionpack (3.2.13) lib/action_dispatch/middleware/session/abstract_store.rb:53:in `extract_session_id'
  rack (1.4.5) lib/rack/session/abstract/id.rb:43:in `load_session_id!'
  rack (1.4.5) lib/rack/session/abstract/id.rb:32:in `[]'
  rack (1.4.5) lib/rack/session/abstract/id.rb:267:in `current_session_id'
  rack (1.4.5) lib/rack/session/abstract/id.rb:273:in `session_exists?'
  rack (1.4.5) lib/rack/session/abstract/id.rb:107:in `exists?'
  rack (1.4.5) lib/rack/session/abstract/id.rb:127:in `load_for_read!'
  rack (1.4.5) lib/rack/session/abstract/id.rb:64:in `has_key?'
  actionpack (3.2.13) lib/action_dispatch/middleware/flash.rb:258:in `ensure in call'
  actionpack (3.2.13) lib/action_dispatch/middleware/flash.rb:259:in `call'
  rack (1.4.5) lib/rack/session/abstract/id.rb:210:in `context'
  rack (1.4.5) lib/rack/session/abstract/id.rb:205:in `call'
  actionpack (3.2.13) lib/action_dispatch/middleware/cookies.rb:341:in `call'
  activerecord (3.2.13) lib/active_record/query_cache.rb:64:in `call'
  activerecord (3.2.13) lib/active_record/connection_adapters/abstract/connection_pool.rb:479:in `call'
  actionpack (3.2.13) lib/action_dispatch/middleware/callbacks.rb:28:in `block in call'
  activesupport (3.2.13) lib/active_support/callbacks.rb:405:in `_run__3666878761764754594__call__2672000765448384981__callbacks'
  activesupport (3.2.13) lib/active_support/callbacks.rb:405:in `__run_callback'
  activesupport (3.2.13) lib/active_support/callbacks.rb:385:in `_run_call_callbacks'
  activesupport (3.2.13) lib/active_support/callbacks.rb:81:in `run_callbacks'
  actionpack (3.2.13) lib/action_dispatch/middleware/callbacks.rb:27:in `call'
  actionpack (3.2.13) lib/action_dispatch/middleware/remote_ip.rb:31:in `call'
  actionpack (3.2.13) lib/action_dispatch/middleware/debug_exceptions.rb:16:in `call'
  actionpack (3.2.13) lib/action_dispatch/middleware/show_exceptions.rb:56:in `call'
  railties (3.2.13) lib/rails/rack/logger.rb:32:in `call_app'
  railties (3.2.13) lib/rails/rack/logger.rb:16:in `block in call'
  activesupport (3.2.13) lib/active_support/tagged_logging.rb:22:in `tagged'
  railties (3.2.13) lib/rails/rack/logger.rb:16:in `call'
  actionpack (3.2.13) lib/action_dispatch/middleware/request_id.rb:22:in `call'
  rack (1.4.5) lib/rack/methodoverride.rb:21:in `call'
  rack (1.4.5) lib/rack/runtime.rb:17:in `call'
  activesupport (3.2.13) lib/active_support/cache/strategy/local_cache.rb:72:in `call'
  rack (1.4.5) lib/rack/lock.rb:15:in `call'
  actionpack (3.2.13) lib/action_dispatch/middleware/static.rb:63:in `call'
  rack-cache (1.2) lib/rack/cache/context.rb:136:in `forward'
  rack-cache (1.2) lib/rack/cache/context.rb:245:in `fetch'
  rack-cache (1.2) lib/rack/cache/context.rb:185:in `lookup'
  rack-cache (1.2) lib/rack/cache/context.rb:66:in `call!'
  rack-cache (1.2) lib/rack/cache/context.rb:51:in `call'
  railties (3.2.13) lib/rails/engine.rb:479:in `call'
  railties (3.2.13) lib/rails/application.rb:223:in `call'
  railties (3.2.13) lib/rails/railtie/configurable.rb:30:in `method_missing'
  passenger (4.0.58) lib/phusion_passenger/rack/thread_handler_extension.rb:74:in `process_request'
  passenger (4.0.58) lib/phusion_passenger/request_handler/thread_handler.rb:141:in `accept_and_process_next_request'
  passenger (4.0.58) lib/phusion_passenger/request_handler/thread_handler.rb:109:in `main_loop'
  passenger (4.0.58) lib/phusion_passenger/request_handler.rb:455:in `block (3 levels) in start_threads'


Connecting to database specified by database.yml
OpenIdAuthentication.store is nil. Using in-memory store.
Creating scope :system. Overwriting existing method Enumeration.system.
Migrating to Setup (1)
Migrating to IssueMove (2)
Migrating to IssueAddNote (3)
Migrating to ExportPdf (4)
Migrating to IssueStartDate (5)
Migrating to CalendarAndActivity (6)
Migrating to CreateJournals (7)
Migrating to CreateUserPreferences (8)
Migrating to AddHideMailPref (9)
Migrating to CreateComments (10)
Migrating to AddNewsCommentsCount (11)
Migrating to AddCommentsPermissions (12)
Migrating to CreateQueries (13)
Migrating to AddQueriesPermissions (14)
Migrating to CreateRepositories (15)
Migrating to AddRepositoriesPermissions (16)
Migrating to CreateSettings (17)
Migrating to SetDocAndFilesNotifications (18)
Migrating to AddIssueStatusPosition (19)
Migrating to AddRolePosition (20)
Migrating to AddTrackerPosition (21)
Migrating to SerializePossiblesValues (22)
Migrating to AddTrackerIsInRoadmap (23)
Migrating to AddRoadmapPermission (24)
Migrating to AddSearchPermission (25)
Migrating to AddRepositoryLoginAndPassword (26)
Migrating to CreateWikis (27)
Migrating to CreateWikiPages (28)
Migrating to CreateWikiContents (29)
Migrating to AddProjectsFeedsPermissions (30)
Migrating to AddRepositoryRootUrl (31)
Migrating to CreateTimeEntries (32)
Migrating to AddTimelogPermissions (33)
Migrating to CreateChangesets (34)
Migrating to CreateChanges (35)
Migrating to AddChangesetCommitDate (36)
Migrating to AddProjectIdentifier (37)
Migrating to AddCustomFieldIsFilter (38)
Migrating to CreateWatchers (39)
Migrating to CreateChangesetsIssues (40)
Migrating to RenameCommentToComments (41)
Migrating to CreateIssueRelations (42)
Migrating to AddRelationsPermissions (43)
Migrating to SetLanguageLengthToFive (44)
Migrating to CreateBoards (45)
Migrating to CreateMessages (46)
Migrating to AddBoardsPermissions (47)
Migrating to AllowNullVersionEffectiveDate (48)
Migrating to AddWikiDestroyPagePermission (49)
Migrating to AddWikiAttachmentsPermissions (50)
Migrating to AddProjectStatus (51)
Migrating to AddChangesRevision (52)
Migrating to AddChangesBranch (53)
Migrating to AddChangesetsScmid (54)
Migrating to AddRepositoriesType (55)
Migrating to AddRepositoriesChangesPermission (56)
Migrating to AddVersionsWikiPageTitle (57)
Migrating to AddIssueCategoriesAssignedToId (58)
Migrating to AddRolesAssignable (59)
Migrating to ChangeChangesetsCommitterLimit (60)
Migrating to AddRolesBuiltin (61)
Migrating to InsertBuiltinRoles (62)
Migrating to AddRolesPermissions (63)
Migrating to DropPermissions (64)
Migrating to AddSettingsUpdatedOn (65)
Migrating to AddCustomValueCustomizedIndex (66)
Migrating to CreateWikiRedirects (67)
Migrating to CreateEnabledModules (68)
Migrating to AddIssuesEstimatedHours (69)
Migrating to ChangeAttachmentsContentTypeLimit (70)
Migrating to AddQueriesColumnNames (71)
Migrating to AddEnumerationsPosition (72)
Migrating to AddEnumerationsIsDefault (73)
Migrating to AddAuthSourcesTls (74)
Migrating to AddMembersMailNotification (75)
Migrating to AllowNullPosition (76)
Migrating to RemoveIssueStatusesHtmlColor (77)
Migrating to AddCustomFieldsPosition (78)
Migrating to AddUserPreferencesTimeZone (79)
Migrating to AddUsersType (80)
Migrating to CreateProjectsTrackers (81)
Migrating to AddMessagesLocked (82)
Migrating to AddMessagesSticky (83)
Migrating to ChangeAuthSourcesAccountLimit (84)
Migrating to AddRoleTrackerOldStatusIndexToWorkflows (85)
Migrating to AddCustomFieldsSearchable (86)
Migrating to ChangeProjectsDescriptionToText (87)
Migrating to AddCustomFieldsDefaultValue (88)
Migrating to AddAttachmentsDescription (89)
Migrating to ChangeVersionsNameLimit (90)
Migrating to ChangeChangesetsRevisionToString (91)
Migrating to ChangeChangesFromRevisionToString (92)
Migrating to AddWikiPagesProtected (93)
Migrating to ChangeProjectsHomepageLimit (94)
Migrating to AddWikiPagesParentId (95)
Migrating to AddCommitAccessPermission (96)
Migrating to AddViewWikiEditsPermission (97)
Migrating to SetTopicAuthorsAsWatchers (98)
Migrating to AddDeleteWikiPagesAttachmentsPermission (99)
Migrating to AddChangesetsUserId (100)
Migrating to PopulateChangesetsUserId (101)
Migrating to AddCustomFieldsEditable (102)
Migrating to SetCustomFieldsEditable (103)
Migrating to AddProjectsLftAndRgt (104)
Migrating to BuildProjectsTree (105)
Migrating to RemoveProjectsProjectsCount (106)
Migrating to AddOpenIdAuthenticationTables (107)
Migrating to AddIdentityUrlToUsers (108)
Migrating to AddWatchersUserIdTypeIndex (20090214190337)
Migrating to AddQueriesSortCriteria (20090312172426)
Migrating to AddProjectsTrackersUniqueIndex (20090312194159)
Migrating to ExtendSettingsName (20090318181151)
Migrating to AddTypeToEnumerations (20090323224724)
Migrating to UpdateEnumerationsToSti (20090401221305)
Migrating to AddActiveFieldToEnumerations (20090401231134)
Migrating to AddProjectToEnumerations (20090403001910)
Migrating to AddParentIdToEnumerations (20090406161854)
Migrating to AddQueriesGroupBy (20090425161243)
Migrating to CreateMemberRoles (20090503121501)
Migrating to PopulateMemberRoles (20090503121505)
Migrating to DropMembersRoleId (20090503121510)
Migrating to FixMessagesStickyNull (20090614091200)
Migrating to PopulateUsersType (20090704172350)
Migrating to CreateGroupsUsers (20090704172355)
Migrating to AddMemberRolesInheritedFrom (20090704172358)
Migrating to FixUsersCustomValues (20091010093521)
Migrating to AddMissingIndexesToWorkflows (20091017212227)
Migrating to AddMissingIndexesToCustomFieldsProjects (20091017212457)
Migrating to AddMissingIndexesToMessages (20091017212644)
Migrating to AddMissingIndexesToRepositories (20091017212938)
Migrating to AddMissingIndexesToComments (20091017213027)
Migrating to AddMissingIndexesToEnumerations (20091017213113)
Migrating to AddMissingIndexesToWikiPages (20091017213151)
Migrating to AddMissingIndexesToWatchers (20091017213228)
Migrating to AddMissingIndexesToAuthSources (20091017213257)
Migrating to AddMissingIndexesToDocuments (20091017213332)
Migrating to AddMissingIndexesToTokens (20091017213444)
Migrating to AddMissingIndexesToChangesets (20091017213536)
Migrating to AddMissingIndexesToIssueCategories (20091017213642)
Migrating to AddMissingIndexesToMemberRoles (20091017213716)
Migrating to AddMissingIndexesToBoards (20091017213757)
Migrating to AddMissingIndexesToUserPreferences (20091017213835)
Migrating to AddMissingIndexesToIssues (20091017213910)
Migrating to AddMissingIndexesToMembers (20091017214015)
Migrating to AddMissingIndexesToCustomFields (20091017214107)
Migrating to AddMissingIndexesToQueries (20091017214136)
Migrating to AddMissingIndexesToTimeEntries (20091017214236)
Migrating to AddMissingIndexesToNews (20091017214308)
Migrating to AddMissingIndexesToUsers (20091017214336)
Migrating to AddMissingIndexesToAttachments (20091017214406)
Migrating to AddMissingIndexesToWikiContents (20091017214440)
Migrating to AddMissingIndexesToCustomValues (20091017214519)
Migrating to AddMissingIndexesToJournals (20091017214611)
Migrating to AddMissingIndexesToIssueRelations (20091017214644)
Migrating to AddMissingIndexesToWikiRedirects (20091017214720)
Migrating to AddMissingIndexesToCustomFieldsTrackers (20091017214750)
Migrating to AddActivityIndexes (20091025163651)
Migrating to AddVersionsStatus (20091108092559)
Migrating to AddViewIssuesPermission (20091114105931)
Migrating to AddDefaultDoneRatioToIssueStatus (20091123212029)
Migrating to AddVersionsSharing (20091205124427)
Migrating to AddLftAndRgtIndexesToProjects (20091220183509)
Migrating to AddIndexToSettingsName (20091220183727)
Migrating to AddIndexesToIssueStatus (20091220184736)
Migrating to RemoveEnumerationsOpt (20091225164732)
Migrating to ChangeWikiContentsTextLimit (20091227112908)
Migrating to ChangeUsersMailNotificationToString (20100129193402)
Migrating to UpdateMailNotificationValues (20100129193813)
Migrating to AddIndexOnChangesetsScmid (20100221100219)
Migrating to AddIssuesNestedSetsColumns (20100313132032)
Migrating to AddIndexOnIssuesNestedSet (20100313171051)
Migrating to ChangeChangesPathLengthLimit (20100705164950)
Migrating to EnableCalendarAndGanttModulesWhereAppropriate (20100819172912)
Migrating to AddUniqueIndexOnMembers (20101104182107)
Migrating to AddCustomFieldsVisible (20101107130441)
Migrating to ChangeProjectsNameLimit (20101114115114)
Migrating to ChangeProjectsIdentifierLimit (20101114115359)
Migrating to AddWorkflowsAssigneeAndAuthor (20110220160626)
Migrating to AddUsersSalt (20110223180944)
Migrating to SaltUserPasswords (20110223180953)
Migrating to AddRepositoriesPathEncoding (20110224000000)
Migrating to ChangeRepositoriesPasswordLimit (20110226120112)
Migrating to ChangeAuthSourcesAccountPasswordLimit (20110226120132)
Migrating to ChangeJournalDetailsValuesToText (20110227125750)
Migrating to AddRepositoriesLogEncoding (20110228000000)
Migrating to CopyRepositoriesLogEncoding (20110228000100)
Migrating to AddIndexToUsersType (20110401192910)
Migrating to AddRolesIssuesVisibility (20110408103312)
Migrating to AddIssuesIsPrivate (20110412065600)
Migrating to AddRepositoriesExtraInfo (20110511000000)
Migrating to CreateChangesetParents (20110902000000)
Migrating to AddUniqueIndexToIssueRelations (20111201201315)
Migrating to AddRepositoriesIdentifier (20120115143024)
Migrating to AddRepositoriesIsDefault (20120115143100)
Migrating to SetDefaultRepositories (20120115143126)
Migrating to AddCustomFieldsMultiple (20120127174243)
Migrating to ChangeUsersLoginLimit (20120205111326)
Migrating to ChangeAttachmentsContainerDefaults (20120223110929)
Migrating to AddAuthSourcesFilter (20120301153455)
Migrating to ChangeRepositoriesToFullSti (20120422150750)
Migrating to AddTrackersFieldsBits (20120705074331)
Migrating to AddAuthSourcesTimeout (20120707064544)
Migrating to AddWorkflowsType (20120714122000)
Migrating to UpdateWorkflowsToSti (20120714122100)
Migrating to AddWorkflowsRuleFields (20120714122200)
Migrating to AddBoardsParentId (20120731164049)
Migrating to AddJournalsPrivateNotes (20120930112914)
Migrating to AddEnumerationsPositionName (20121026002032)
Migrating to PopulateEnumerationsPositionName (20121026003537)
Migrating to AddQueriesType (20121209123234)
Migrating to UpdateQueriesToSti (20121209123358)
Migrating to AddAttachmentsDiskDirectory (20121213084931)
Migrating to SplitDocumentsPermissions (20130110122628)
Migrating to AddUniqueIndexOnTokensValue (20130201184705)
Migrating to AddProjectsInheritMembers (20130202090625)
Migrating to AddUniqueIndexOnCustomFieldsTrackers (20130207175206)
Migrating to AddUniqueIndexOnCustomFieldsProjects (20130207181455)
Migrating to ChangeUsersLastnameLengthTo255 (20130215073721)
Migrating to AddIssuesClosedOn (20130215111127)
Migrating to PopulateIssuesClosedOn (20130215111141)
Migrating to RemoveIssuesDefaultFkValues (20130217094251)
Started GET "/" for 192.168.33.1 at 2015-02-04 10:35:17 +0000

ArgumentError (A secret is required to generate an integrity hash for cookie session data. Use config.secret_token = "some secret phrase of at least 30 characters"in config/initializers/secret_token.rb):
  actionpack (3.2.13) lib/action_dispatch/middleware/cookies.rb:319:in `ensure_secret_secure'
  actionpack (3.2.13) lib/action_dispatch/middleware/cookies.rb:284:in `initialize'
  actionpack (3.2.13) lib/action_dispatch/middleware/cookies.rb:231:in `new'
  actionpack (3.2.13) lib/action_dispatch/middleware/cookies.rb:231:in `signed'
  actionpack (3.2.13) lib/action_dispatch/middleware/session/cookie_store.rb:50:in `block in unpacked_cookie_data'
  actionpack (3.2.13) lib/action_dispatch/middleware/session/abstract_store.rb:57:in `stale_session_check!'
  actionpack (3.2.13) lib/action_dispatch/middleware/session/cookie_store.rb:48:in `unpacked_cookie_data'
  rack (1.4.5) lib/rack/session/cookie.rb:107:in `extract_session_id'
  actionpack (3.2.13) lib/action_dispatch/middleware/session/abstract_store.rb:53:in `block in extract_session_id'
  actionpack (3.2.13) lib/action_dispatch/middleware/session/abstract_store.rb:57:in `stale_session_check!'
  actionpack (3.2.13) lib/action_dispatch/middleware/session/abstract_store.rb:53:in `extract_session_id'
  rack (1.4.5) lib/rack/session/abstract/id.rb:43:in `load_session_id!'
  rack (1.4.5) lib/rack/session/abstract/id.rb:32:in `[]'
  rack (1.4.5) lib/rack/session/abstract/id.rb:267:in `current_session_id'
  rack (1.4.5) lib/rack/session/abstract/id.rb:273:in `session_exists?'
  rack (1.4.5) lib/rack/session/abstract/id.rb:107:in `exists?'
  rack (1.4.5) lib/rack/session/abstract/id.rb:127:in `load_for_read!'
  rack (1.4.5) lib/rack/session/abstract/id.rb:64:in `has_key?'
  actionpack (3.2.13) lib/action_dispatch/middleware/flash.rb:258:in `ensure in call'
  actionpack (3.2.13) lib/action_dispatch/middleware/flash.rb:259:in `call'
  rack (1.4.5) lib/rack/session/abstract/id.rb:210:in `context'
  rack (1.4.5) lib/rack/session/abstract/id.rb:205:in `call'
  actionpack (3.2.13) lib/action_dispatch/middleware/cookies.rb:341:in `call'
  activerecord (3.2.13) lib/active_record/query_cache.rb:64:in `call'
  activerecord (3.2.13) lib/active_record/connection_adapters/abstract/connection_pool.rb:479:in `call'
  actionpack (3.2.13) lib/action_dispatch/middleware/callbacks.rb:28:in `block in call'
  activesupport (3.2.13) lib/active_support/callbacks.rb:405:in `_run__3666878761764754594__call__2672000765448384981__callbacks'
  activesupport (3.2.13) lib/active_support/callbacks.rb:405:in `__run_callback'
  activesupport (3.2.13) lib/active_support/callbacks.rb:385:in `_run_call_callbacks'
  activesupport (3.2.13) lib/active_support/callbacks.rb:81:in `run_callbacks'
  actionpack (3.2.13) lib/action_dispatch/middleware/callbacks.rb:27:in `call'
  actionpack (3.2.13) lib/action_dispatch/middleware/remote_ip.rb:31:in `call'
  actionpack (3.2.13) lib/action_dispatch/middleware/debug_exceptions.rb:16:in `call'
  actionpack (3.2.13) lib/action_dispatch/middleware/show_exceptions.rb:56:in `call'
  railties (3.2.13) lib/rails/rack/logger.rb:32:in `call_app'
  railties (3.2.13) lib/rails/rack/logger.rb:16:in `block in call'
  activesupport (3.2.13) lib/active_support/tagged_logging.rb:22:in `tagged'
  railties (3.2.13) lib/rails/rack/logger.rb:16:in `call'
  actionpack (3.2.13) lib/action_dispatch/middleware/request_id.rb:22:in `call'
  rack (1.4.5) lib/rack/methodoverride.rb:21:in `call'
  rack (1.4.5) lib/rack/runtime.rb:17:in `call'
  activesupport (3.2.13) lib/active_support/cache/strategy/local_cache.rb:72:in `call'
  rack (1.4.5) lib/rack/lock.rb:15:in `call'
  actionpack (3.2.13) lib/action_dispatch/middleware/static.rb:63:in `call'
  rack-cache (1.2) lib/rack/cache/context.rb:136:in `forward'
  rack-cache (1.2) lib/rack/cache/context.rb:245:in `fetch'
  rack-cache (1.2) lib/rack/cache/context.rb:185:in `lookup'
  rack-cache (1.2) lib/rack/cache/context.rb:66:in `call!'
  rack-cache (1.2) lib/rack/cache/context.rb:51:in `call'
  railties (3.2.13) lib/rails/engine.rb:479:in `call'
  railties (3.2.13) lib/rails/application.rb:223:in `call'
  railties (3.2.13) lib/rails/railtie/configurable.rb:30:in `method_missing'
  passenger (4.0.58) lib/phusion_passenger/rack/thread_handler_extension.rb:74:in `process_request'
  passenger (4.0.58) lib/phusion_passenger/request_handler/thread_handler.rb:141:in `accept_and_process_next_request'
  passenger (4.0.58) lib/phusion_passenger/request_handler/thread_handler.rb:109:in `main_loop'
  passenger (4.0.58) lib/phusion_passenger/request_handler.rb:455:in `block (3 levels) in start_threads'


Connecting to database specified by database.yml
OpenIdAuthentication.store is nil. Using in-memory store.
Creating scope :system. Overwriting existing method Enumeration.system.
Creating scope :sorted. Overwriting existing method Group.sorted.
Creating scope :sorted. Overwriting existing method User.sorted.
Started GET "/" for 192.168.33.1 at 2015-02-04 10:35:49 +0000
Processing by WelcomeController#index as HTML
  Current user: anonymous
  Rendered welcome/index.html.erb within layouts/base (27.3ms)
Completed 200 OK in 349ms (Views: 90.6ms | ActiveRecord: 11.5ms)
Started GET "/login" for 192.168.33.1 at 2015-02-04 10:35:55 +0000
Processing by AccountController#login as HTML
  Current user: anonymous
  Rendered account/login.html.erb within layouts/base (6.2ms)
Completed 200 OK in 36ms (Views: 31.6ms | ActiveRecord: 1.1ms)
Started POST "/login" for 192.168.33.1 at 2015-02-04 10:35:59 +0000
Processing by AccountController#login as HTML
  Parameters: {"utf8"=>"", "authenticity_token"=>"IPy5q/ZQ2eXgi1n+LeZjbyC02pACkDirgOkoWp8yICs=", "back_url"=>"http://192.168.33.90/", "username"=>"admin", "password"=>"[FILTERED]", "login"=>" "}
  Current user: anonymous
Successful authentication for 'admin' from 192.168.33.1 at 2015-02-04 10:35:59 UTC
Redirected to http://192.168.33.90/
Completed 302 Found in 10ms (ActiveRecord: 2.6ms)
Started GET "/" for 192.168.33.1 at 2015-02-04 10:35:59 +0000
Processing by WelcomeController#index as HTML
  Current user: admin (id=1)
  Rendered welcome/index.html.erb within layouts/base (89.6ms)
Completed 200 OK in 127ms (Views: 113.7ms | ActiveRecord: 7.4ms)
Connecting to database specified by database.yml
OpenIdAuthentication.store is nil. Using in-memory store.
Creating scope :system. Overwriting existing method Enumeration.system.
Migrating to Setup (1)
Migrating to IssueMove (2)
Migrating to IssueAddNote (3)
Migrating to ExportPdf (4)
Migrating to IssueStartDate (5)
Migrating to CalendarAndActivity (6)
Migrating to CreateJournals (7)
Migrating to CreateUserPreferences (8)
Migrating to AddHideMailPref (9)
Migrating to CreateComments (10)
Migrating to AddNewsCommentsCount (11)
Migrating to AddCommentsPermissions (12)
Migrating to CreateQueries (13)
Migrating to AddQueriesPermissions (14)
Migrating to CreateRepositories (15)
Migrating to AddRepositoriesPermissions (16)
Migrating to CreateSettings (17)
Migrating to SetDocAndFilesNotifications (18)
Migrating to AddIssueStatusPosition (19)
Migrating to AddRolePosition (20)
Migrating to AddTrackerPosition (21)
Migrating to SerializePossiblesValues (22)
Migrating to AddTrackerIsInRoadmap (23)
Migrating to AddRoadmapPermission (24)
Migrating to AddSearchPermission (25)
Migrating to AddRepositoryLoginAndPassword (26)
Migrating to CreateWikis (27)
Migrating to CreateWikiPages (28)
Migrating to CreateWikiContents (29)
Migrating to AddProjectsFeedsPermissions (30)
Migrating to AddRepositoryRootUrl (31)
Migrating to CreateTimeEntries (32)
Migrating to AddTimelogPermissions (33)
Migrating to CreateChangesets (34)
Migrating to CreateChanges (35)
Migrating to AddChangesetCommitDate (36)
Migrating to AddProjectIdentifier (37)
Migrating to AddCustomFieldIsFilter (38)
Migrating to CreateWatchers (39)
Migrating to CreateChangesetsIssues (40)
Migrating to RenameCommentToComments (41)
Migrating to CreateIssueRelations (42)
Migrating to AddRelationsPermissions (43)
Migrating to SetLanguageLengthToFive (44)
Migrating to CreateBoards (45)
Migrating to CreateMessages (46)
Migrating to AddBoardsPermissions (47)
Migrating to AllowNullVersionEffectiveDate (48)
Migrating to AddWikiDestroyPagePermission (49)
Migrating to AddWikiAttachmentsPermissions (50)
Migrating to AddProjectStatus (51)
Migrating to AddChangesRevision (52)
Migrating to AddChangesBranch (53)
Migrating to AddChangesetsScmid (54)
Migrating to AddRepositoriesType (55)
Migrating to AddRepositoriesChangesPermission (56)
Migrating to AddVersionsWikiPageTitle (57)
Migrating to AddIssueCategoriesAssignedToId (58)
Migrating to AddRolesAssignable (59)
Migrating to ChangeChangesetsCommitterLimit (60)
Migrating to AddRolesBuiltin (61)
Migrating to InsertBuiltinRoles (62)
Migrating to AddRolesPermissions (63)
Migrating to DropPermissions (64)
Migrating to AddSettingsUpdatedOn (65)
Migrating to AddCustomValueCustomizedIndex (66)
Migrating to CreateWikiRedirects (67)
Migrating to CreateEnabledModules (68)
Migrating to AddIssuesEstimatedHours (69)
Migrating to ChangeAttachmentsContentTypeLimit (70)
Migrating to AddQueriesColumnNames (71)
Migrating to AddEnumerationsPosition (72)
Migrating to AddEnumerationsIsDefault (73)
Migrating to AddAuthSourcesTls (74)
Migrating to AddMembersMailNotification (75)
Migrating to AllowNullPosition (76)
Migrating to RemoveIssueStatusesHtmlColor (77)
Migrating to AddCustomFieldsPosition (78)
Migrating to AddUserPreferencesTimeZone (79)
Migrating to AddUsersType (80)
Creating scope :sorted. Overwriting existing method User.sorted.
Migrating to CreateProjectsTrackers (81)
Migrating to AddMessagesLocked (82)
Migrating to AddMessagesSticky (83)
Migrating to ChangeAuthSourcesAccountLimit (84)
Migrating to AddRoleTrackerOldStatusIndexToWorkflows (85)
Migrating to AddCustomFieldsSearchable (86)
Migrating to ChangeProjectsDescriptionToText (87)
Migrating to AddCustomFieldsDefaultValue (88)
Migrating to AddAttachmentsDescription (89)
Migrating to ChangeVersionsNameLimit (90)
Migrating to ChangeChangesetsRevisionToString (91)
Migrating to ChangeChangesFromRevisionToString (92)
Migrating to AddWikiPagesProtected (93)
Migrating to ChangeProjectsHomepageLimit (94)
Migrating to AddWikiPagesParentId (95)
Migrating to AddCommitAccessPermission (96)
Migrating to AddViewWikiEditsPermission (97)
Migrating to SetTopicAuthorsAsWatchers (98)
Migrating to AddDeleteWikiPagesAttachmentsPermission (99)
Migrating to AddChangesetsUserId (100)
Migrating to PopulateChangesetsUserId (101)
Migrating to AddCustomFieldsEditable (102)
Migrating to SetCustomFieldsEditable (103)
Migrating to AddProjectsLftAndRgt (104)
Migrating to BuildProjectsTree (105)
Migrating to RemoveProjectsProjectsCount (106)
Migrating to AddOpenIdAuthenticationTables (107)
Migrating to AddIdentityUrlToUsers (108)
Migrating to AddWatchersUserIdTypeIndex (20090214190337)
Migrating to AddQueriesSortCriteria (20090312172426)
Migrating to AddProjectsTrackersUniqueIndex (20090312194159)
Migrating to ExtendSettingsName (20090318181151)
Migrating to AddTypeToEnumerations (20090323224724)
Migrating to UpdateEnumerationsToSti (20090401221305)
Migrating to AddActiveFieldToEnumerations (20090401231134)
Migrating to AddProjectToEnumerations (20090403001910)
Migrating to AddParentIdToEnumerations (20090406161854)
Migrating to AddQueriesGroupBy (20090425161243)
Migrating to CreateMemberRoles (20090503121501)
Migrating to PopulateMemberRoles (20090503121505)
Migrating to DropMembersRoleId (20090503121510)
Migrating to FixMessagesStickyNull (20090614091200)
Migrating to PopulateUsersType (20090704172350)
Migrating to CreateGroupsUsers (20090704172355)
Migrating to AddMemberRolesInheritedFrom (20090704172358)
Migrating to FixUsersCustomValues (20091010093521)
Migrating to AddMissingIndexesToWorkflows (20091017212227)
Migrating to AddMissingIndexesToCustomFieldsProjects (20091017212457)
Migrating to AddMissingIndexesToMessages (20091017212644)
Migrating to AddMissingIndexesToRepositories (20091017212938)
Migrating to AddMissingIndexesToComments (20091017213027)
Migrating to AddMissingIndexesToEnumerations (20091017213113)
Migrating to AddMissingIndexesToWikiPages (20091017213151)
Migrating to AddMissingIndexesToWatchers (20091017213228)
Migrating to AddMissingIndexesToAuthSources (20091017213257)
Migrating to AddMissingIndexesToDocuments (20091017213332)
Migrating to AddMissingIndexesToTokens (20091017213444)
Migrating to AddMissingIndexesToChangesets (20091017213536)
Migrating to AddMissingIndexesToIssueCategories (20091017213642)
Migrating to AddMissingIndexesToMemberRoles (20091017213716)
Migrating to AddMissingIndexesToBoards (20091017213757)
Migrating to AddMissingIndexesToUserPreferences (20091017213835)
Migrating to AddMissingIndexesToIssues (20091017213910)
Migrating to AddMissingIndexesToMembers (20091017214015)
Migrating to AddMissingIndexesToCustomFields (20091017214107)
Migrating to AddMissingIndexesToQueries (20091017214136)
Migrating to AddMissingIndexesToTimeEntries (20091017214236)
Migrating to AddMissingIndexesToNews (20091017214308)
Migrating to AddMissingIndexesToUsers (20091017214336)
Migrating to AddMissingIndexesToAttachments (20091017214406)
Migrating to AddMissingIndexesToWikiContents (20091017214440)
Migrating to AddMissingIndexesToCustomValues (20091017214519)
Migrating to AddMissingIndexesToJournals (20091017214611)
Migrating to AddMissingIndexesToIssueRelations (20091017214644)
Migrating to AddMissingIndexesToWikiRedirects (20091017214720)
Migrating to AddMissingIndexesToCustomFieldsTrackers (20091017214750)
Migrating to AddActivityIndexes (20091025163651)
Migrating to AddVersionsStatus (20091108092559)
Migrating to AddViewIssuesPermission (20091114105931)
Migrating to AddDefaultDoneRatioToIssueStatus (20091123212029)
Migrating to AddVersionsSharing (20091205124427)
Migrating to AddLftAndRgtIndexesToProjects (20091220183509)
Migrating to AddIndexToSettingsName (20091220183727)
Migrating to AddIndexesToIssueStatus (20091220184736)
Migrating to RemoveEnumerationsOpt (20091225164732)
Migrating to ChangeWikiContentsTextLimit (20091227112908)
Migrating to ChangeUsersMailNotificationToString (20100129193402)
Migrating to UpdateMailNotificationValues (20100129193813)
Migrating to AddIndexOnChangesetsScmid (20100221100219)
Migrating to AddIssuesNestedSetsColumns (20100313132032)
Migrating to AddIndexOnIssuesNestedSet (20100313171051)
Migrating to ChangeChangesPathLengthLimit (20100705164950)
Migrating to EnableCalendarAndGanttModulesWhereAppropriate (20100819172912)
Migrating to AddUniqueIndexOnMembers (20101104182107)
Migrating to AddCustomFieldsVisible (20101107130441)
Migrating to ChangeProjectsNameLimit (20101114115114)
Migrating to ChangeProjectsIdentifierLimit (20101114115359)
Migrating to AddWorkflowsAssigneeAndAuthor (20110220160626)
Migrating to AddUsersSalt (20110223180944)
Migrating to SaltUserPasswords (20110223180953)
Migrating to AddRepositoriesPathEncoding (20110224000000)
Migrating to ChangeRepositoriesPasswordLimit (20110226120112)
Migrating to ChangeAuthSourcesAccountPasswordLimit (20110226120132)
Migrating to ChangeJournalDetailsValuesToText (20110227125750)
Migrating to AddRepositoriesLogEncoding (20110228000000)
Migrating to CopyRepositoriesLogEncoding (20110228000100)
Migrating to AddIndexToUsersType (20110401192910)
Migrating to AddRolesIssuesVisibility (20110408103312)
Migrating to AddIssuesIsPrivate (20110412065600)
Migrating to AddRepositoriesExtraInfo (20110511000000)
Migrating to CreateChangesetParents (20110902000000)
Migrating to AddUniqueIndexToIssueRelations (20111201201315)
Migrating to AddRepositoriesIdentifier (20120115143024)
Migrating to AddRepositoriesIsDefault (20120115143100)
Migrating to SetDefaultRepositories (20120115143126)
Migrating to AddCustomFieldsMultiple (20120127174243)
Migrating to ChangeUsersLoginLimit (20120205111326)
Migrating to ChangeAttachmentsContainerDefaults (20120223110929)
Migrating to AddAuthSourcesFilter (20120301153455)
Migrating to ChangeRepositoriesToFullSti (20120422150750)
Migrating to AddTrackersFieldsBits (20120705074331)
Migrating to AddAuthSourcesTimeout (20120707064544)
Migrating to AddWorkflowsType (20120714122000)
Migrating to UpdateWorkflowsToSti (20120714122100)
Migrating to AddWorkflowsRuleFields (20120714122200)
Migrating to AddBoardsParentId (20120731164049)
Migrating to AddJournalsPrivateNotes (20120930112914)
Migrating to AddEnumerationsPositionName (20121026002032)
Migrating to PopulateEnumerationsPositionName (20121026003537)
Migrating to AddQueriesType (20121209123234)
Migrating to UpdateQueriesToSti (20121209123358)
Migrating to AddAttachmentsDiskDirectory (20121213084931)
Migrating to SplitDocumentsPermissions (20130110122628)
Migrating to AddUniqueIndexOnTokensValue (20130201184705)
Migrating to AddProjectsInheritMembers (20130202090625)
Migrating to AddUniqueIndexOnCustomFieldsTrackers (20130207175206)
Migrating to AddUniqueIndexOnCustomFieldsProjects (20130207181455)
Migrating to ChangeUsersLastnameLengthTo255 (20130215073721)
Migrating to AddIssuesClosedOn (20130215111127)
Migrating to PopulateIssuesClosedOn (20130215111141)
Migrating to RemoveIssuesDefaultFkValues (20130217094251)
Connecting to database specified by database.yml
OpenIdAuthentication.store is nil. Using in-memory store.
Creating scope :system. Overwriting existing method Enumeration.system.
Creating scope :sorted. Overwriting existing method Group.sorted.
Creating scope :sorted. Overwriting existing method User.sorted.
Started GET "/" for 192.168.33.1 at 2015-02-04 11:10:11 +0000
Processing by WelcomeController#index as HTML
  Current user: anonymous
  Rendered welcome/index.html.erb within layouts/base (26.4ms)
Completed 200 OK in 315ms (Views: 81.2ms | ActiveRecord: 10.4ms)
Started GET "/login" for 192.168.33.1 at 2015-02-04 11:10:13 +0000
Processing by AccountController#login as HTML
  Current user: anonymous
  Rendered account/login.html.erb within layouts/base (5.1ms)
Completed 200 OK in 38ms (Views: 33.7ms | ActiveRecord: 1.0ms)
Started POST "/login" for 192.168.33.1 at 2015-02-04 11:10:17 +0000
Processing by AccountController#login as HTML
  Parameters: {"utf8"=>"", "authenticity_token"=>"dREKZT7h11zZom9voZbGciJ4HWBPHLRmMGoCBnSRowA=", "back_url"=>"http://192.168.33.90/", "username"=>"admin", "password"=>"[FILTERED]", "login"=>" "}
  Current user: anonymous
Successful authentication for 'admin' from 192.168.33.1 at 2015-02-04 11:10:17 UTC
Redirected to http://192.168.33.90/
Completed 302 Found in 6ms (ActiveRecord: 1.7ms)
Started GET "/" for 192.168.33.1 at 2015-02-04 11:10:17 +0000
Processing by WelcomeController#index as HTML
  Current user: admin (id=1)
  Rendered welcome/index.html.erb within layouts/base (87.7ms)
Completed 200 OK in 124ms (Views: 110.5ms | ActiveRecord: 8.1ms)
Started GET "/my/page" for 192.168.33.1 at 2015-02-04 11:11:07 +0000
Processing by MyController#page as HTML
  Current user: admin (id=1)
  Rendered issues/_list_simple.html.erb (1.2ms)
  Rendered my/blocks/_issuesassignedtome.html.erb (33.0ms)
  Rendered issues/_list_simple.html.erb (0.1ms)
  Rendered my/blocks/_issuesreportedbyme.html.erb (7.5ms)
  Rendered my/page.html.erb within layouts/base (73.0ms)
Completed 200 OK in 109ms (Views: 98.0ms | ActiveRecord: 6.6ms)
Started GET "/projects" for 192.168.33.1 at 2015-02-04 11:11:09 +0000
Processing by ProjectsController#index as HTML
  Current user: admin (id=1)
  Rendered projects/index.html.erb within layouts/base (6.9ms)
Completed 200 OK in 41ms (Views: 34.7ms | ActiveRecord: 1.7ms)
Started GET "/admin" for 192.168.33.1 at 2015-02-04 11:11:11 +0000
Processing by AdminController#index as HTML
  Current user: admin (id=1)
  Rendered admin/_no_data.html.erb (1217.2ms)
  Rendered admin/_menu.html.erb (4.5ms)
  Rendered admin/index.html.erb within layouts/admin (1244.3ms)
  Rendered layouts/base.html.erb (7.8ms)
Completed 200 OK in 1283ms (Views: 1275.9ms | ActiveRecord: 2.3ms)
